0000000000000000 0000000000000004 b g_fsPriority
0000000000000000 a __start__
0000000000000000 T _start
0000000000000000 b _TLS_MODULE_BASE_
0000000000000004 0000000000000001 b g_resolverDisableServiceDiscovery
0000000000000008 0000000000000004 b g_resolverCancelHandle
000000000000000c 0000000000000004 b g_resolverResult
0000000000000010 0000000000000004 b fsdev_last_result
0000000000000018 0000000000000401 B __nx_dev_path_buf
00000000000000e0 T __nx_exit
00000000000000f0 T __nx_mod0
0000000000000140 0000000000000034 T exit
0000000000000180 0000000000000f64 T main
000000000000041c 0000000000000004 B g_bsdErrno
0000000000000420 0000000000000004 B g_bsdResult
0000000000001100 t __do_global_dtors_aux
0000000000001160 t frame_dummy
0000000000001190 0000000000000280 T catalog_enumerate(CatalogEntry*, int)
0000000000001410 0000000000000074 T catalog_hash(CatalogEntry const*, int)
0000000000001490 00000000000000dc T catalog_build_json(CatalogEntry const*, int, char*, int)
0000000000001570 0000000000000068 T config_apply_device_suffix(char*, unsigned long)
00000000000015e0 0000000000000454 T config_load(FsFileSystem*)
0000000000001a40 000000000000026c T config_set_device_token(FsFileSystem*, char const*)
0000000000001cb0 000000000000006c T crc_init()
0000000000001d20 000000000000003c T crc_run(unsigned int, void const*, unsigned long)
0000000000001d60 00000000000001e0 T fs_log(FsFileSystem*, char const*, ...)
0000000000001f40 00000000000000ac T fs_write_text_file(FsFileSystem*, char const*, char const*)
0000000000001ff0 00000000000000b0 T fs_read_text_file(FsFileSystem*, char const*, char*, unsigned long)
00000000000020a0 0000000000000004 T ensure_dir(FsFileSystem*, char const*)
00000000000020b0 0000000000000060 T path_join(char*, unsigned long, char const*, char const*)
0000000000002110 000000000000013c t set_state(FsmState, FsFileSystem*)
0000000000002250 00000000000000b8 t fsm_block_title(char const*)
0000000000002310 00000000000002fc t do_idle(FsFileSystem*, InputSnapshot const*)
0000000000002610 000000000000009c T title_label(unsigned long, char*, unsigned long)
00000000000026b0 0000000000000658 t do_delivering(FsFileSystem*, InputSnapshot const*) [clone .isra.0]
0000000000002d10 000000000000064c t do_uploading(FsFileSystem*, InputSnapshot const*) [clone .isra.0]
0000000000003360 0000000000000088 T fsm_is_title_inject_blocked(char const*)
00000000000033f0 000000000000005c T fsm_is_key_deferred(char const*)
0000000000003450 0000000000000050 T fsm_init()
00000000000034a0 0000000000000020 T fsm_on_wake()
00000000000034c0 00000000000001d4 T fsm_tick(FsFileSystem*, InputSnapshot const*)
00000000000036a0 000000000000000c T fsm_get_state()
00000000000036b0 0000000000000024 T game_event_signal(unsigned long)
00000000000036e0 0000000000000018 T game_event_drain()
0000000000003700 000000000000012c t make_curl(char const*, char*)
0000000000003830 0000000000000070 t cb_write_buf(char*, unsigned long, unsigned long, void*)
00000000000038a0 0000000000000078 t cb_read(char*, unsigned long, unsigned long, void*)
0000000000003920 0000000000000018 t progress_cb(void*, long, long, long, long)
0000000000003940 0000000000000094 t finish_curl(void*, char*)
00000000000039e0 0000000000000410 t cb_write_window(char*, unsigned long, unsigned long, void*)
0000000000003df0 0000000000000250 T http_upload_handle_create()
0000000000004040 0000000000000234 T http_download_handle_create()
0000000000004280 0000000000000040 T http_handle_close(void*)
00000000000042c0 0000000000000258 T http_put_window(void*, char const*, FsFileSystem*, char const*, long, long, char*, int)
0000000000004520 0000000000000220 T http_get_window_validated(void*, char const*, FsFileSystem*, char const*, long, long, CheckpointLedger const*, long, long)
0000000000004740 00000000000001a0 T http_post_json(char const*, char const*, char*, int)
00000000000048e0 000000000000017c T http_post_empty(char const*, char*, int)
0000000000004a60 000000000000015c T http_get_body(char const*, char*, int)
0000000000004bc0 000000000000000c T http_ping(char const*)
0000000000004bd0 00000000000000ec t psc_thread_func(void*)
0000000000004cc0 000000000000050c t poll_device_config(FsFileSystem*)
00000000000051d0 0000000000000130 t game_monitor_func(void*)
0000000000005300 000000000000002c T __libnx_initheap
0000000000005330 00000000000000dc T __appInit
0000000000005410 0000000000000038 T __appExit
0000000000005450 0000000000000078 T get_posix_utc()
00000000000054d0 00000000000000a0 T format_local_time(char*, unsigned long, unsigned long)
0000000000005570 0000000000000090 T make_ts_folder(char*, unsigned long, unsigned long)
0000000000005600 0000000000000150 T get_title_name(unsigned long, char*, unsigned long)
0000000000005750 00000000000000c8 T refresh_dns_servers()
0000000000005820 0000000000000078 T wait_network_ready()
00000000000058a0 00000000000001d0 T notif_push(char const*, char const*)
0000000000005a70 0000000000000014 T notif_verbose(char const*, char const*)
0000000000005a90 0000000000000c34 T recovery_sweep(FsFileSystem*, RecoverySweepMode)
00000000000066d0 0000000000000148 T clear_save_root(FsFileSystem*)
0000000000006820 00000000000003bc T dump_all_saves()
0000000000006be0 00000000000000c0 T snap_hash_read(FsFileSystem*, unsigned long, char const*, unsigned int*)
0000000000006ca0 00000000000000ec T snap_hash_write(FsFileSystem*, unsigned long, char const*, unsigned int)
0000000000006d90 000000000000012c T sig_read(FsFileSystem*, unsigned long, char const*, SaveSignature*)
0000000000006ec0 000000000000013c T sig_write(FsFileSystem*, unsigned long, char const*, SaveSignature const*)
0000000000007000 00000000000000a8 T snap_hash_update_from_archive(FsFileSystem*, char const*, char const*)
00000000000070b0 0000000000000194 t stat_save_dir(FsFileSystem*, char const*, SaveSignature*, int)
0000000000007250 00000000000000f4 t peek_save_data_size(FsFileSystem*, char const*)
0000000000007350 00000000000002d8 T open_save_fs(unsigned long, char const*, FsFileSystem*)
0000000000007630 000000000000016c T save_enum_title_uids(unsigned long, char (*) [17], int)
00000000000077a0 000000000000043c T save_extract(unsigned long, char const*, FsFileSystem*, char*, unsigned long)
0000000000007be0 0000000000000504 T save_inject(char const*, FsFileSystem*, char const*)
00000000000080f0 0000000000000058 t wU32(FsFile*, long*, unsigned int)
0000000000008150 0000000000000058 t wU16(FsFile*, long*, unsigned short)
00000000000081b0 000000000000000c t cmp_ent(void const*, void const*)
00000000000081c0 0000000000000258 t enum_dir(FsFileSystem*, char const*, char const*)
0000000000008420 00000000000008ac T pack_save(FsFileSystem*, char const*, FsFileSystem*, char const*, unsigned long, unsigned int*, int*)
0000000000008cd0 0000000000000620 T unpack_save(FsFileSystem*, char const*, FsFileSystem*, unsigned long*)
00000000000092f0 0000000000000244 T zip_fingerprint(FsFileSystem*, char const*, unsigned int*)
0000000000009540 00000000000000b8 t atomic_write(FsFileSystem*, char const*, char const*)
0000000000009600 000000000000006c t write_device_json(FsFileSystem*)
0000000000009670 00000000000000ec t _bk_str(char const*, char const*, char*, unsigned long)
0000000000009760 0000000000000098 t iso_utc_now(char*, unsigned long)
0000000000009800 00000000000004d0 T state_write_status(FsFileSystem*, FsmState, char const*, long, long)
0000000000009cd0 0000000000000294 T state_init(FsFileSystem*)
0000000000009f70 0000000000000290 T state_append_event(FsFileSystem*, char const*, char const*)
000000000000a200 000000000000000c T state_get_sync_generation()
000000000000a210 000000000000000c T state_set_sync_generation(FsFileSystem*, unsigned int)
000000000000a220 00000000000003d0 T state_apply_backup_updates(FsFileSystem*, char const*)
000000000000a5f0 000000000000014c T state_write_last_restore(FsFileSystem*, char const*, char const*, int)
000000000000a740 00000000000000b8 T state_write_lineage(FsFileSystem*, char const*, char const*, char const*, int)
000000000000a800 00000000000001d4 T state_read_lineage(FsFileSystem*, char const*, char const*, char*, unsigned long, int*)
000000000000a9e0 0000000000000004 T state_atomic_write(FsFileSystem*, char const*, char const*)
000000000000a9f0 0000000000000214 t _parse_obj(char const*, SyncPrefEntry*, int) [clone .constprop.0]
000000000000ac10 0000000000000090 T sync_prefs_load(FsFileSystem*)
000000000000aca0 00000000000001bc T sync_prefs_apply_from_queue(FsFileSystem*, char const*)
000000000000ae60 0000000000000054 T sync_prefs_is_enabled(unsigned long)
000000000000aec0 0000000000000228 T sync_prefs_apply_game_names(char const*)
000000000000b0f0 000000000000007c T sync_prefs_get_game_name(unsigned long, char*, unsigned long)
000000000000b170 0000000000000104 t json_str(char const*, char const*, char*, unsigned long) [clone .constprop.0]
000000000000b280 0000000000000150 T transport_ack(FsFileSystem*, char const*)
000000000000b3d0 0000000000000150 T transport_error_fail(FsFileSystem*, char const*)
000000000000b520 00000000000000ec t json_str(char const*, char const*, char*, unsigned long)
000000000000b610 00000000000000b4 t json_int(char const*, char const*, long long)
000000000000b6d0 0000000000000c78 T transport_poll_inbound(FsFileSystem*)
000000000000c350 00000000000000b4 t json_int(char const*, char const*, long long)
000000000000c410 0000000000000104 t json_str(char const*, char const*, char*, unsigned long) [clone .constprop.0]
000000000000c520 0000000000000d74 T transport_upload(FsFileSystem*, char const*, int*, bool)
000000000000d2a0 00000000000000a4 t curl_global_init
000000000000d350 0000000000000020 t curl_global_cleanup
000000000000d370 00000000000000a8 t curl_easy_init
000000000000d420 0000000000000170 t curl_easy_perform
000000000000d590 0000000000000020 t curl_easy_cleanup
000000000000d5b0 0000000000000030 t curl_easy_getinfo
000000000000d5e0 0000000000000024 t conn_is_conn
000000000000d610 00000000000000f4 t connect_SOCKS
000000000000d710 0000000000000060 t verifyconnect
000000000000d770 00000000000000f4 t Curl_timeleft
000000000000d870 0000000000000074 t Curl_persistconninfo
000000000000d8f0 0000000000000248 t Curl_updateconninfo.part.0
000000000000db40 0000000000000014 t Curl_updateconninfo
000000000000db60 00000000000000a4 t Curl_getconnectinfo
000000000000dc10 0000000000000060 t Curl_connalive
000000000000dc70 00000000000000b0 t Curl_closesocket
000000000000dd20 0000000000000130 t Curl_socket
000000000000de50 0000000000000880 t singleipconnect
000000000000e6d0 00000000000000dc t trynextip
000000000000e7b0 00000000000004bc t Curl_is_connected
000000000000ec70 000000000000011c t Curl_connecthost
000000000000ed90 0000000000000048 t Curl_conncontrol
000000000000ede0 000000000000006c t Curl_conn_data_pending
000000000000ee50 0000000000000010 t trhash
000000000000ee60 0000000000000014 t trhash_compare
000000000000ee80 0000000000000004 t trhash_dtor
000000000000ee90 0000000000000014 t sh_freeentry
000000000000eeb0 0000000000000014 t fd_key_compare
000000000000eed0 0000000000000010 t hash_fd
000000000000eee0 0000000000000158 t multi_getsock
000000000000f040 00000000000004e0 t singlesocket
000000000000f520 000000000000009c t multi_timeout.part.0
000000000000f5c0 00000000000000f8 t add_next_timeout.isra.0
000000000000f6c0 0000000000000558 t Curl_multi_wait.part.0
000000000000fc20 00000000000001b8 t Curl_multi_handle
000000000000fde0 0000000000000014 t Curl_multiplex_wanted
000000000000fe00 000000000000001c t Curl_attach_connnection
000000000000fe20 0000000000000044 t curl_multi_poll
000000000000fe70 000000000000009c t curl_multi_info_read
000000000000ff10 00000000000000b0 t Curl_multi_closed
000000000000ffc0 000000000000021c t curl_multi_setopt
00000000000101e0 00000000000000cc t Curl_update_timer
00000000000102b0 000000000000022c t Curl_expire
00000000000104e0 0000000000000174 t curl_multi_add_handle
0000000000010660 0000000000000078 t process_pending_handles
00000000000106e0 00000000000002e4 t multi_done
00000000000109d0 0000000000000130 t curl_multi_cleanup
0000000000010b00 0000000000001384 t multi_runsingle
0000000000011e90 0000000000000110 t curl_multi_perform
0000000000011fa0 000000000000003c t Curl_expire_done
0000000000011fe0 00000000000000c4 t Curl_expire_clear
00000000000120b0 000000000000003c t Curl_init_completed
00000000000120f0 000000000000020c t curl_multi_remove_handle
0000000000012300 0000000000000014 t Curl_multi_max_host_connections
0000000000012320 0000000000000014 t Curl_multi_max_total_connections
0000000000012340 0000000000000028 t Curl_set_in_callback
0000000000012370 0000000000000050 t Curl_share_lock
00000000000123c0 0000000000000050 t Curl_share_unlock
0000000000012410 0000000000000088 t Curl_input_digest
00000000000124a0 00000000000001e0 t Curl_output_digest
0000000000012680 0000000000000030 t Curl_http_auth_cleanup_digest
00000000000126b0 0000000000000440 t curl_easy_strerror
0000000000012af0 0000000000000104 t Curl_strerror
0000000000012c00 0000000000000054 t Curl_wait_ms
0000000000012c60 00000000000001fc t Curl_socket_check
0000000000012e60 0000000000000104 t Curl_poll
0000000000012f70 000000000000014c t Curl_splay
00000000000130c0 00000000000000ac t Curl_splayinsert
0000000000013170 00000000000000b0 t Curl_splaygetbest
0000000000013220 00000000000000ec t Curl_splayremovebyaddr
0000000000013310 0000000000000054 t Curl_memdup
0000000000013370 0000000000000058 t Curl_saferealloc
00000000000133d0 000000000000003c t Curl_SOCKS_getsock
0000000000013410 00000000000005c4 t Curl_SOCKS4
00000000000139e0 0000000000000a68 t Curl_SOCKS5
0000000000014450 0000000000000058 t Curl_slist_append_nodup
00000000000144b0 0000000000000094 t curl_slist_append
0000000000014550 000000000000005c t curl_slist_free_all
00000000000145b0 0000000000000040 t curlx_nonblock
00000000000145f0 0000000000000004 t curlx_ultous
0000000000014600 0000000000000004 t curlx_ultouc
0000000000014610 0000000000000008 t curlx_uztosi
0000000000014620 0000000000000004 t curlx_uztoui
0000000000014630 0000000000000008 t curlx_sltosi
0000000000014640 0000000000000004 t curlx_sltous
0000000000014650 0000000000000008 t curlx_uztosz
0000000000014660 0000000000000004 t curlx_sotouz
0000000000014670 0000000000000024 t Curl_connect_complete
00000000000146a0 0000000000000024 t Curl_connect_ongoing
00000000000146d0 0000000000000038 t Curl_connect_free
0000000000014710 0000000000000bfc t Curl_proxyCONNECT
0000000000015310 000000000000013c t Curl_proxy_connect
0000000000015450 0000000000000008 t conn_llist_dtor
0000000000015460 0000000000000044 t free_bundle_hash_entry
00000000000154b0 0000000000000090 t Curl_conncache_init
0000000000015540 000000000000000c t Curl_conncache_destroy
0000000000015550 0000000000000014 t Curl_conncache_unlock
0000000000015570 0000000000000068 t Curl_conncache_size
00000000000155e0 00000000000000c0 t Curl_conncache_find_bundle
00000000000156a0 000000000000017c t Curl_conncache_add_conn
0000000000015820 0000000000000148 t Curl_conncache_remove_conn
0000000000015970 00000000000000ec t Curl_conncache_foreach
0000000000015a60 0000000000000128 t Curl_conncache_extract_bundle
0000000000015b90 000000000000018c t Curl_conncache_extract_oldest
0000000000015d20 00000000000000d8 t Curl_conncache_return_conn
0000000000015e00 00000000000000e0 t Curl_conncache_close_all_connections
0000000000015ee0 00000000000000c0 t escape_string
0000000000015fa0 000000000000004c t mime_mem_seek
0000000000015ff0 0000000000000034 t mime_mem_free
0000000000016030 0000000000000098 t mime_mem_read
00000000000160d0 00000000000000b0 t readback_bytes
0000000000016180 0000000000000044 t mime_file_free
00000000000161d0 0000000000000080 t mime_file_read
0000000000016250 0000000000000090 t mime_file_seek
00000000000162e0 0000000000000474 t readback_part
0000000000016760 0000000000000310 t read_part_content.part.0
0000000000016a70 0000000000000098 t search_header
0000000000016b10 0000000000000104 t mime_subparts_seek
0000000000016c20 0000000000000048 t mime_subparts_unbind
0000000000016c70 00000000000000d0 t Curl_mime_cleanpart
0000000000016d40 00000000000000a8 t curl_mime_free.part.0
0000000000016df0 0000000000000048 t mime_subparts_free
0000000000016e40 0000000000000098 t curl_mime_init
0000000000016ee0 0000000000000038 t Curl_mime_initpart
0000000000016f20 0000000000000090 t curl_mime_addpart
0000000000016fb0 0000000000000070 t curl_mime_name
0000000000017020 0000000000000070 t curl_mime_filename
0000000000017090 00000000000001c4 t curl_mime_filedata.part.0
0000000000017260 0000000000000118 t curl_mime_data
0000000000017380 000000000000008c t curl_mime_filedata
0000000000017410 0000000000000070 t curl_mime_type
0000000000017480 000000000000007c t curl_mime_headers
0000000000017500 00000000000000ac t curl_mime_data_cb
00000000000175b0 0000000000000138 t Curl_mime_set_subparts
00000000000176f0 0000000000000008 t curl_mime_subparts
0000000000017700 0000000000000050 T Curl_mime_read
0000000000017750 0000000000000094 t Curl_mime_rewind
00000000000177f0 0000000000000188 t Curl_mime_size
0000000000017980 00000000000000b8 t Curl_mime_add_header
0000000000017a40 00000000000000ac t Curl_mime_contenttype
0000000000017af0 000000000000055c t Curl_mime_prepare_headers
0000000000018050 00000000000000cc t setstropt_userpwd
0000000000018120 00000000000000a4 t Curl_setstropt
00000000000181d0 0000000000002d24 t Curl_vsetopt
000000000001af00 000000000000006c t curl_easy_setopt
000000000001af70 0000000000000024 t Curl_isspace
000000000001afa0 0000000000000024 t Curl_isdigit
000000000001afd0 0000000000000024 t Curl_isalnum
000000000001b000 0000000000000028 t Curl_isxdigit
000000000001b030 0000000000000030 t Curl_isgraph
000000000001b060 0000000000000024 t Curl_isalpha
000000000001b090 0000000000000024 t Curl_isupper
000000000001b0c0 0000000000000024 t Curl_iscntrl
000000000001b0f0 0000000000000058 t auth_digest_sha256_to_ascii
000000000001b150 0000000000000058 t auth_digest_md5_to_ascii
000000000001b1b0 000000000000054c t auth_create_digest_http_message
000000000001b700 0000000000000118 t Curl_auth_digest_get_pair
000000000001b820 0000000000000008 t Curl_auth_is_digest_supported
000000000001b830 0000000000000864 t Curl_auth_create_digest_md5_message
000000000001c0a0 0000000000000088 t Curl_auth_create_digest_http_message
000000000001c130 0000000000000098 t Curl_auth_digest_cleanup
000000000001c1d0 00000000000004bc t Curl_auth_decode_digest_http_message
000000000001c690 0000000000000004 T Curl_none_cleanup
000000000001c6a0 0000000000000008 T Curl_none_shutdown
000000000001c6b0 0000000000000008 T Curl_none_check_cxn
000000000001c6c0 0000000000000008 T Curl_none_random
000000000001c6d0 0000000000000004 T Curl_none_close_all
000000000001c6e0 0000000000000008 T Curl_none_data_pending
000000000001c6f0 0000000000000008 T Curl_none_cert_status_request
000000000001c700 0000000000000008 T Curl_none_set_engine
000000000001c710 0000000000000008 T Curl_none_set_engine_default
000000000001c720 0000000000000008 T Curl_none_engines_list
000000000001c730 000000000000018c t Curl_multissl_version
000000000001c8c0 00000000000000a4 t ssl_connect_init_proxy
000000000001c970 0000000000000068 t ssl_prefs_check
000000000001c9e0 000000000000007c T Curl_none_md5sum
000000000001ca60 00000000000000d0 t multissl_init.part.0
000000000001cb30 000000000000007c t Curl_multissl_close
000000000001cbb0 0000000000000078 t Curl_multissl_get_internals
000000000001cc30 0000000000000080 t Curl_multissl_connect_nonblocking
000000000001ccb0 0000000000000078 t Curl_multissl_connect
000000000001cd30 0000000000000058 t Curl_multissl_init
000000000001cd90 000000000000007c t Curl_ssl_free_certinfo.part.0
000000000001ce10 0000000000000004 T Curl_none_session_free
000000000001ce20 0000000000000008 T Curl_none_false_start
000000000001ce30 00000000000000e0 t Curl_ssl_config_matches
000000000001cf10 00000000000001f4 t Curl_clone_primary_ssl_config
000000000001d110 00000000000000a4 t Curl_free_primary_ssl_config
000000000001d1c0 0000000000000040 t Curl_ssl_backend
000000000001d200 0000000000000030 t Curl_ssl_init
000000000001d230 0000000000000038 t Curl_ssl_cleanup
000000000001d270 00000000000000b4 t Curl_ssl_connect
000000000001d330 00000000000000c8 t Curl_ssl_connect_nonblocking
000000000001d400 000000000000006c t Curl_ssl_kill_session
000000000001d470 0000000000000098 t Curl_ssl_close_all
000000000001d510 0000000000000008 t Curl_ssl_getsock
000000000001d520 0000000000000014 t Curl_ssl_close
000000000001d540 000000000000007c t Curl_ssl_shutdown
000000000001d5c0 0000000000000014 t Curl_ssl_set_engine
000000000001d5e0 0000000000000014 t Curl_ssl_set_engine_default
000000000001d600 0000000000000014 t Curl_ssl_engines_list
000000000001d620 0000000000000064 t Curl_ssl_initsessions
000000000001d690 0000000000000014 t Curl_ssl_check_cxn
000000000001d6b0 0000000000000014 t Curl_ssl_data_pending
000000000001d6d0 0000000000000010 t Curl_ssl_free_certinfo
000000000001d6e0 000000000000006c t Curl_ssl_init_certinfo
000000000001d750 0000000000000124 t Curl_ssl_push_certinfo_len
000000000001d880 000000000000004c t Curl_ssl_push_certinfo
000000000001d8d0 0000000000000014 t Curl_ssl_random
000000000001d8f0 00000000000004dc t Curl_pin_peer_pubkey
000000000001ddd0 0000000000000014 t Curl_ssl_cert_status_request
000000000001ddf0 0000000000000014 t Curl_ssl_false_start
000000000001de10 0000000000000014 t Curl_ssl_tls13_ciphersuites
000000000001de30 0000000000000008 t Curl_libnx_get_internals
000000000001de40 000000000000002c t Curl_libnx_sha256sum
000000000001de70 0000000000000058 t Curl_libnx_close
000000000001ded0 0000000000000074 t libnx_send
000000000001df50 00000000000000a0 t libnx_recv
000000000001dff0 0000000000000020 t Curl_libnx_version
000000000001e010 00000000000000d4 t load_file
000000000001e0f0 0000000000000180 t load_capath
000000000001e270 000000000000046c t libnx_connect_step2
000000000001e6e0 0000000000000028 t Curl_libnx_random
000000000001e710 000000000000004c t Curl_libnx_data_pending
000000000001e760 0000000000000060 t Curl_libnx_check_cxn
000000000001e7c0 0000000000000014 t Curl_libnx_cleanup
000000000001e7e0 0000000000000038 t Curl_libnx_init
000000000001e820 00000000000008c8 t libnx_connect_common
000000000001f0f0 000000000000000c t Curl_libnx_connect_nonblocking
000000000001f100 000000000000001c t Curl_libnx_connect
000000000001f120 0000000000000064 t Curl_now
000000000001f190 0000000000000074 t Curl_timediff
000000000001f210 0000000000000054 t Curl_timediff_us
000000000001f270 00000000000001e4 t base64_encode.isra.0
000000000001f460 000000000000021c t Curl_base64_decode
000000000001f680 000000000000000c t Curl_base64_encode
000000000001f690 000000000000000c t Curl_base64url_encode
000000000001f6a0 0000000000000024 t hostcache_timestamp_remove
000000000001f6d0 0000000000000054 t freednsentry
000000000001f730 0000000000000098 t create_hostcache_id.constprop.0
000000000001f7d0 0000000000000124 t fetch_addr.isra.0
000000000001f900 0000000000000020 t Curl_num_addresses
000000000001f920 000000000000002c t Curl_printable_address
000000000001f950 0000000000000084 t Curl_hostcache_prune
000000000001f9e0 0000000000000084 t Curl_fetch_addr
000000000001fa70 000000000000029c t Curl_cache_addr
000000000001fd10 0000000000000258 t Curl_resolv
000000000001ff70 000000000000008c t Curl_resolv_timeout
0000000000020000 00000000000000cc t Curl_resolv_unlock
00000000000200d0 0000000000000020 t Curl_mk_dnscache
00000000000200f0 000000000000007c t Curl_hostcache_clean
0000000000020170 0000000000000434 t Curl_loadhostpairs
00000000000205b0 0000000000000018 t Curl_resolv_check
00000000000205d0 0000000000000008 t Curl_resolv_getsock
00000000000205e0 0000000000000060 t Curl_once_resolved
0000000000020640 0000000000000104 t time2str
0000000000020750 00000000000001b0 t max5data
0000000000020900 0000000000000018 t Curl_pgrsResetTransferSizes
0000000000020920 0000000000000150 t Curl_pgrsTime
0000000000020a70 00000000000000c0 t Curl_pgrsLimitWaitTime
0000000000020b30 0000000000000008 t Curl_pgrsSetDownloadCounter
0000000000020b40 00000000000000b0 t Curl_ratelimit
0000000000020bf0 000000000000006c t Curl_pgrsStartNow
0000000000020c60 0000000000000008 t Curl_pgrsSetUploadCounter
0000000000020c70 000000000000002c t Curl_pgrsSetDownloadSize
0000000000020ca0 000000000000002c t Curl_pgrsSetUploadSize
0000000000020cd0 000000000000062c t Curl_pgrsUpdate
0000000000021300 000000000000005c t Curl_pgrsDone
0000000000021360 0000000000000090 t freecookie
00000000000213f0 0000000000000020 t cookie_sort_ct
0000000000021410 00000000000000a8 t remove_expired
00000000000214c0 000000000000014c t cookie_sort
0000000000021610 0000000000000088 t tailmatch
00000000000216a0 0000000000000104 t sanitize_cookie_path
00000000000217b0 00000000000000f0 t get_netscape_format
00000000000218a0 00000000000000dc t cookiehash
0000000000021980 0000000000000e58 t Curl_cookie_add
00000000000227e0 0000000000000404 t Curl_cookie_getlist
0000000000022bf0 000000000000005c t Curl_cookie_clearall
0000000000022c50 0000000000000038 t Curl_cookie_freelist
0000000000022c90 00000000000000ac t Curl_cookie_clearsess
0000000000022d40 0000000000000080 t Curl_cookie_cleanup
0000000000022dc0 0000000000000280 t Curl_cookie_init
0000000000023040 00000000000000a4 t Curl_cookie_loadfiles
00000000000230f0 00000000000000f0 t Curl_cookie_list
00000000000231e0 00000000000003c8 t Curl_flush_cookies
00000000000235b0 0000000000000084 t pickoneauth
0000000000023640 0000000000000060 t http_should_fail
00000000000236a0 0000000000000010 t http_getsock_do
00000000000236b0 00000000000000ac t http_setup_conn
0000000000023760 0000000000000018 t https_getsock
0000000000023780 0000000000000050 t https_connecting
00000000000237d0 00000000000000e4 t readmoredata
00000000000238c0 0000000000000108 t header_append
00000000000239d0 00000000000000f0 t http_perhapsrewind
0000000000023ac0 00000000000000bc t checkhttpprefix.isra.0
0000000000023b80 0000000000000068 t checkprotoprefix.isra.0
0000000000023bf0 00000000000000f8 t Curl_http_done
0000000000023cf0 0000000000000090 t Curl_checkProxyheaders
0000000000023d80 00000000000003dc t output_auth_headers
0000000000024160 0000000000000100 t Curl_copy_header_value
0000000000024260 00000000000002e8 t Curl_http_auth_act
0000000000024550 000000000000017c t Curl_http_output_auth
00000000000246d0 00000000000001dc t Curl_http_input_auth
00000000000248b0 000000000000001c t Curl_add_buffer_init
00000000000248d0 0000000000000058 t Curl_add_buffer_free
0000000000024930 0000000000000238 t Curl_add_buffer_send
0000000000024b70 0000000000000148 t Curl_add_buffer
0000000000024cc0 00000000000000f8 t Curl_add_bufferf
0000000000024dc0 0000000000000194 t Curl_http_connect
0000000000024f60 0000000000000100 t Curl_compareheader
0000000000025060 00000000000000cc t expect100
0000000000025130 00000000000000f0 t Curl_http_compile_trailers
0000000000025220 0000000000000408 t Curl_add_custom_headers
0000000000025630 0000000000000158 t Curl_add_timecondition
0000000000025790 0000000000001734 T Curl_http
0000000000026ed0 00000000000010c8 t Curl_http_readwrite_headers
0000000000027fa0 000000000000011c t pausewrite
00000000000280c0 0000000000000008 t Curl_recv_has_postponed_data
00000000000280d0 00000000000001b0 t Curl_sendf
0000000000028280 000000000000007c t Curl_write
0000000000028300 0000000000000068 t Curl_read_plain
0000000000028370 0000000000000080 t Curl_read
00000000000283f0 00000000000000d4 t Curl_debug
00000000000284d0 0000000000000124 t Curl_infof
0000000000028600 0000000000000120 t Curl_failf
0000000000028720 00000000000000cc T Curl_recv_plain
00000000000287f0 0000000000000418 t Curl_client_write
0000000000028c10 00000000000000d8 t Curl_send_plain
0000000000028cf0 000000000000003c t Curl_write_plain
0000000000028d30 0000000000000194 t get_protocol_family
0000000000028ed0 00000000000000c0 t up_free
0000000000028f90 0000000000000214 t conn_free
00000000000291b0 00000000000000d8 t setup_range
0000000000029290 0000000000000078 t zonefrom_url
0000000000029310 000000000000004c t strip_trailing_dot
0000000000029360 00000000000000f4 t parse_proxy_auth
0000000000029460 00000000000003bc t parse_proxy
0000000000029820 0000000000000114 t call_extract_if_dead
0000000000029940 000000000000009c t Curl_freeset
00000000000299e0 0000000000000204 t Curl_close
0000000000029bf0 00000000000001d4 t Curl_init_userdefined
0000000000029dd0 0000000000000100 t Curl_open
0000000000029ed0 0000000000000174 t Curl_disconnect
000000000002a050 000000000000006c t Curl_verboseconnect
000000000002a0c0 0000000000000028 t Curl_is_ASCII_name
000000000002a0f0 000000000000004c t Curl_idnconvert_hostname
000000000002a140 0000000000000004 t Curl_free_idnconverted_hostname
000000000002a150 0000000000000054 t Curl_builtin_scheme
000000000002a1b0 0000000000000024 t Curl_uc_to_curlcode
000000000002a1e0 0000000000000050 t Curl_free_request_state
000000000002a230 00000000000003fc t Curl_parse_login_details
000000000002a630 000000000000013c t Curl_setup_conn
000000000002a770 00000000000000ec t Curl_init_do
000000000002a860 0000000000002530 t Curl_connect
000000000002cd90 0000000000000108 t unescape_word
000000000002cea0 0000000000000484 t dict_do
000000000002d330 0000000000000008 t Curl_ipv6_scope
000000000002d340 0000000000000108 t Curl_if2ip
000000000002d450 0000000000000010 t Curl_speedinit
000000000002d460 00000000000000d4 t Curl_speedcheck
000000000002d540 000000000000003c t curl_getenv
000000000002d580 000000000000005c t Curl_isunreserved
000000000002d5e0 00000000000001b4 t Curl_urldecode
000000000002d7a0 0000000000000014 t curl_free
000000000002d7c0 0000000000000038 t addbyter
000000000002d800 00000000000000d0 t alloc_addbyter
000000000002d8d0 00000000000000ac t curl_msnprintf
000000000002d980 0000000000001490 t dprintf_formatf
000000000002ee10 000000000000006c t curl_mvsnprintf
000000000002ee80 00000000000000ec t curl_maprintf
000000000002ef70 00000000000000ac t curl_mvaprintf
000000000002f020 000000000000006c t curl_mfprintf
000000000002f090 0000000000000058 t telnet_done
000000000002f0f0 0000000000000294 t check_telnet_options
000000000002f390 00000000000001a4 t send_telnet_data
000000000002f540 00000000000003e4 t printsub.part.0
000000000002f930 00000000000000e4 t printoption.part.0
000000000002fa20 0000000000000094 t send_negotiation
000000000002fac0 0000000000000174 t sendsuboption
000000000002fc40 00000000000002e4 t suboption
000000000002ff30 0000000000000d88 t telnet_do
0000000000030cc0 00000000000004d8 t parsenetrc
00000000000311a0 00000000000000e8 t Curl_parsenetrc
0000000000031290 00000000000000bc t Curl_initinfo
0000000000031350 000000000000067c t Curl_getinfo
00000000000319d0 000000000000006c t Curl_trailers_read
0000000000031a40 0000000000000078 t Curl_checkheaders
0000000000031ac0 000000000000004c t Curl_get_upload_buffer
0000000000031b10 0000000000000474 t Curl_fillreadbuffer
0000000000031f90 00000000000001a0 t Curl_readrewind
0000000000032130 0000000000000088 t Curl_meets_timecondition
00000000000321c0 0000000000000040 t Curl_done_sending
0000000000032200 0000000000000dcc t Curl_readwrite
0000000000032fd0 00000000000000bc t Curl_single_getsock
0000000000033090 0000000000000014 t Curl_init_CONNECT
00000000000330b0 00000000000001f0 t Curl_pretransfer
00000000000332a0 0000000000000008 t Curl_posttransfer
00000000000332b0 00000000000002fc t Curl_follow
00000000000335b0 000000000000014c t Curl_retry_request
0000000000033700 000000000000017c t Curl_setup_transfer
0000000000033880 0000000000000020 t Curl_raw_toupper
00000000000338a0 00000000000000b8 t Curl_strcasecompare
0000000000033960 0000000000000020 t Curl_safe_strcasecompare
0000000000033980 00000000000000bc t Curl_strncasecompare
0000000000033a40 0000000000000044 t Curl_strntoupper
0000000000033a90 0000000000000004 t curl_strequal
0000000000033aa0 0000000000000004 t curl_strnequal
0000000000033ab0 0000000000000008 t fileinfo_dtor
0000000000033ac0 0000000000000038 t Curl_wildcard_init
0000000000033b00 0000000000000078 t Curl_wildcard_dtor
0000000000033b80 0000000000000010 t Curl_httpchunk_init
0000000000033b90 00000000000003f8 t Curl_httpchunk_read
0000000000033f90 000000000000008c t Curl_chunked_strerror
0000000000034020 000000000000000c t Curl_llist_init
0000000000034030 0000000000000070 t Curl_llist_insert_next
00000000000340a0 000000000000008c t Curl_llist_remove
0000000000034130 00000000000000b8 t Curl_llist_destroy
00000000000341f0 0000000000000008 t Curl_llist_count
0000000000034200 000000000000004c t hash_element_dtor
0000000000034250 00000000000000c8 t Curl_hash_init
0000000000034320 00000000000000fc t Curl_hash_add
0000000000034420 00000000000000bc t Curl_hash_delete
00000000000344e0 00000000000000a8 t Curl_hash_pick
0000000000034590 0000000000000070 t Curl_hash_destroy
0000000000034600 0000000000000088 t Curl_hash_clean
0000000000034690 0000000000000108 t Curl_hash_clean_with_criterium
00000000000347a0 0000000000000030 T Curl_hash_str
00000000000347d0 0000000000000038 T Curl_str_key_compare
0000000000034810 0000000000000010 t Curl_hash_start_iterate
0000000000034820 000000000000007c t Curl_hash_next_element
00000000000348a0 000000000000001c t zalloc_cb
00000000000348c0 0000000000000018 t zfree_cb
00000000000348e0 0000000000000014 t identity_init_writer
0000000000034900 0000000000000004 t identity_close_writer
0000000000034910 0000000000000014 t client_init_writer
0000000000034930 00000000000000d0 t check_gzip_header.part.0
0000000000034a00 0000000000000020 t client_unencode_write
0000000000034a20 0000000000000004 t error_close_writer
0000000000034a30 0000000000000004 t client_close_writer
0000000000034a40 0000000000000014 t error_init_writer
0000000000034a60 0000000000000020 t identity_unencode_write
0000000000034a80 00000000000000a4 t deflate_init_writer
0000000000034b30 0000000000000098 t deflate_close_writer
0000000000034bd0 0000000000000098 t gzip_close_writer
0000000000034c70 00000000000000c8 t exit_zlib
0000000000034d40 00000000000000f0 t gzip_init_writer
0000000000034e30 0000000000000364 t inflate_stream
00000000000351a0 0000000000000324 t gzip_unencode_write
00000000000354d0 000000000000007c t deflate_unencode_write
0000000000035550 0000000000000120 t Curl_all_content_encodings
0000000000035670 0000000000000064 t error_unencode_write
00000000000356e0 000000000000001c t Curl_unencode_write
0000000000035700 000000000000006c t Curl_unencode_cleanup
0000000000035770 000000000000028c t Curl_build_unencoding_stack
0000000000035a00 0000000000000a50 t body
0000000000036450 000000000000002c t MD5_Init
0000000000036480 0000000000000214 t MD5_Final
00000000000366a0 00000000000000f0 t MD5_Update
0000000000036790 00000000000000a8 T Curl_md5it
0000000000036840 0000000000000080 t Curl_MD5_init
00000000000368c0 0000000000000020 t Curl_MD5_update
00000000000368e0 0000000000000050 t Curl_MD5_final
0000000000036930 00000000000000cc t curlx_strtoofft
0000000000036a00 0000000000000010 t Curl_ipvalid
0000000000036a10 00000000000000a4 t Curl_ipv4_resolve_r
0000000000036ac0 000000000000006c t Curl_getaddrinfo
0000000000036b30 00000000000005fc t parsedate.constprop.0
0000000000037130 0000000000000048 t Curl_getdate_capped
0000000000037180 0000000000000028 t Curl_gmtime
00000000000371b0 0000000000000058 t tftp_disconnect
0000000000037210 0000000000000010 t tftp_getsock
0000000000037220 00000000000002dc t tftp_rx
0000000000037500 000000000000016c t tftp_set_timeouts
0000000000037670 0000000000000364 t tftp_tx
00000000000379e0 00000000000001c4 t tftp_connect
0000000000037bb0 00000000000000c4 t tftp_setup_connection
0000000000037c80 0000000000000090 t tftp_translate_code.part.0
0000000000037d10 0000000000000054 t tftp_done
0000000000037d70 00000000000004e4 t tftp_send_first
0000000000038260 0000000000000078 t tftp_state_machine
00000000000382e0 00000000000005fc t tftp_multi_statemach
00000000000388e0 0000000000000070 t tftp_doing
0000000000038950 00000000000000bc t tftp_do
0000000000038a10 000000000000005c t Curl_freeaddrinfo
0000000000038a70 00000000000001a8 t Curl_getaddrinfo_ex
0000000000038c20 00000000000001bc t Curl_he2ai
0000000000038de0 0000000000000124 t Curl_ip2addr
0000000000038f10 000000000000006c t Curl_str2addr
0000000000038f80 0000000000000040 t Curl_memrchr
0000000000038fc0 000000000000014c t imap_sendf
0000000000039110 0000000000000008 t imap_getsock
0000000000039120 0000000000000078 t imap_multi_statemach
00000000000391a0 00000000000000ac t imap_get_message
0000000000039250 0000000000000184 t imap_atom
00000000000393e0 00000000000000e0 t imap_perform_list
00000000000394c0 0000000000000014 t imap_continue_authenticate
00000000000394e0 0000000000000194 t imap_done
0000000000039680 00000000000000bc t imap_perform_fetch
0000000000039740 00000000000000f4 t imap_matchresp
0000000000039840 0000000000000318 t imap_endofresp
0000000000039b60 0000000000000024 t imap_perform_authenticate
0000000000039b90 00000000000000e0 t imap_perform_login
0000000000039c70 00000000000000d4 t imap_perform_authentication
0000000000039d50 000000000000019c t imap_connect
0000000000039ef0 0000000000000060 t imap_setup_connection
0000000000039f50 0000000000000090 t imap_perform_upgrade_tls
0000000000039fe0 00000000000000b4 t imap_disconnect
000000000003a0a0 0000000000000878 t imap_do
000000000003a920 00000000000008e4 t imap_statemach_act
000000000003b210 00000000000000bc t imap_doing
000000000003b2d0 0000000000000014 t pop3_continue_auth
000000000003b2f0 0000000000000008 t pop3_getsock
000000000003b300 0000000000000078 t pop3_multi_statemach
000000000003b380 0000000000000080 t pop3_done
000000000003b400 00000000000000ac t pop3_get_message
000000000003b4b0 00000000000000bc t pop3_endofresp
000000000003b570 000000000000002c t pop3_perform_auth
000000000003b5a0 000000000000011c t pop3_perform_apop.part.0
000000000003b6c0 0000000000000270 t pop3_connect
000000000003b930 00000000000000ac t pop3_disconnect
000000000003b9e0 00000000000001a4 t pop3_do
000000000003bb90 0000000000000060 t pop3_setup_connection
000000000003bbf0 0000000000000098 t pop3_perform_upgrade_tls
000000000003bc90 0000000000000118 t pop3_perform_authentication
000000000003bdb0 0000000000000078 t pop3_doing
000000000003be30 000000000000032c t Curl_pop3_write
000000000003c160 0000000000000664 t pop3_statemach_act
000000000003c7d0 0000000000000014 t smtp_continue_auth
000000000003c7f0 0000000000000008 t smtp_getsock
000000000003c800 0000000000000078 t smtp_multi_statemach
000000000003c880 00000000000000ac t smtp_get_message
000000000003c930 0000000000000100 t smtp_endofresp
000000000003ca30 00000000000000b4 t smtp_perform_authentication
000000000003caf0 0000000000000074 t smtp_parse_url_path
000000000003cb70 00000000000001c8 t smtp_done
000000000003cd40 000000000000002c t smtp_perform_auth
000000000003cd70 000000000000016c t smtp_connect
000000000003cee0 00000000000000b4 t smtp_parse_address.constprop.0
000000000003cfa0 00000000000000c8 t smtp_perform_rcpt_to
000000000003d070 00000000000001f8 t smtp_perform_command
000000000003d270 0000000000000784 t smtp_do
000000000003da00 0000000000000058 t smtp_setup_connection
000000000003da60 0000000000000098 t smtp_perform_upgrade_tls
000000000003db00 000000000000081c t smtp_statemach_act
000000000003e320 00000000000000ac t smtp_disconnect
000000000003e3d0 00000000000000bc t smtp_doing
000000000003e490 0000000000000200 t Curl_smtp_escape_eob
000000000003e690 000000000000009c t Curl_pp_state_timeout
000000000003e730 00000000000001fc t Curl_pp_statemach
000000000003e930 000000000000003c t Curl_pp_init
000000000003e970 0000000000000190 t Curl_pp_vsendf
000000000003eb00 0000000000000060 t Curl_pp_sendf
000000000003eb60 0000000000000318 t Curl_pp_readresp
000000000003ee80 0000000000000020 t Curl_pp_getsock
000000000003eea0 0000000000000094 t Curl_pp_flushsend
000000000003ef40 0000000000000038 t Curl_pp_disconnect
000000000003ef80 000000000000002c t Curl_pp_moredata
000000000003efb0 0000000000000010 t rtsp_getsock_do
000000000003efc0 000000000000004c t rtsp_setup_connection
000000000003f010 0000000000000038 t rtsp_disconnect
000000000003f050 0000000000000060 t rtsp_conncheck
000000000003f0b0 000000000000004c t rtsp_connect
000000000003f100 00000000000000a4 t rtsp_done
000000000003f1b0 00000000000009a4 t rtsp_do
000000000003fb60 00000000000002e8 t rtsp_rtp_readwrite
000000000003fe50 00000000000001b0 t Curl_rtsp_parseheader
0000000000040000 0000000000000054 t Curl_gethostname
0000000000040060 0000000000000260 t gopher_do
00000000000402c0 0000000000000004 t Curl_sasl_cleanup
00000000000402d0 00000000000000e8 t Curl_sasl_decode_mech
00000000000403c0 00000000000000c0 t Curl_sasl_parse_url_auth_option
0000000000040480 000000000000001c t Curl_sasl_init
00000000000404a0 0000000000000020 t Curl_sasl_can_authenticate
00000000000404c0 00000000000003b0 t Curl_sasl_start
0000000000040870 00000000000004bc t Curl_sasl_continue
0000000000040d30 0000000000000128 t Curl_rand
0000000000040e60 00000000000000c0 t Curl_rand_hex
0000000000040f20 0000000000000144 t getASN1Element
0000000000041070 00000000000000b4 t octet2str
0000000000041130 0000000000000178 t encodeUint
00000000000412b0 00000000000002e8 t encodeOID
00000000000415a0 00000000000000fc t OID2str.constprop.0
00000000000416a0 00000000000006f8 t ASN1tostr.constprop.0
0000000000041da0 00000000000000a4 t do_pubkey_field
0000000000041e50 0000000000000268 t encodeDN
00000000000420c0 0000000000000074 t DNtostr
0000000000042140 000000000000005c t dumpAlgo
00000000000421a0 00000000000002b0 t Curl_parseX509
0000000000042450 00000000000008a4 t Curl_extract_certinfo
0000000000042d00 00000000000002c8 t sha256_compress.isra.0
0000000000042fd0 0000000000000248 T Curl_sha256it
0000000000043220 000000000000009c t Curl_doh_done
00000000000432c0 000000000000008c t doh_write_cb
0000000000043350 00000000000000d4 t cnameappend
0000000000043430 00000000000005d0 t dohprobe
0000000000043a00 000000000000014c t Curl_doh
0000000000043b50 0000000000000bdc t Curl_doh_is_resolved
0000000000044730 00000000000000b4 t free_urlhandle
00000000000447f0 00000000000000a4 t find_host_sep
00000000000448a0 000000000000018c t hostname_check
0000000000044a30 000000000000010c t strcpy_url
0000000000044b40 00000000000000f0 t Curl_is_absolute_url
0000000000044c30 0000000000000914 t seturl
0000000000045550 000000000000001c t curl_url
0000000000045570 000000000000003c t curl_url_cleanup
00000000000455b0 0000000000000198 t curl_url_dup
0000000000045750 00000000000005fc t curl_url_get
0000000000045d50 0000000000000c2c t curl_url_set
0000000000046980 0000000000000094 t Curl_get_line
0000000000046a20 000000000000001c t Curl_rename
0000000000046a40 00000000000000f4 t Curl_os_get_system_proxy
0000000000046b40 0000000000000054 t Curl_auth_build_spn
0000000000046ba0 000000000000015c t Curl_auth_create_plain_message
0000000000046d00 00000000000000a4 t Curl_auth_create_login_message
0000000000046db0 00000000000000a4 t Curl_auth_create_external_message
0000000000046e60 0000000000000068 t Curl_auth_decode_cram_md5_message
0000000000046ed0 00000000000001cc t Curl_auth_create_cram_md5_message
00000000000470a0 00000000000000bc t Curl_auth_create_oauth_bearer_message
0000000000047160 0000000000000094 t Curl_auth_create_xoauth_bearer_message
0000000000047200 0000000000000050 t file_setup_connection
0000000000047250 000000000000005c t file_disconnect
00000000000472b0 000000000000005c t file_done
0000000000047310 000000000000055c t file_do
0000000000047870 000000000000012c t file_connect
00000000000479a0 00000000000000a8 t setname
0000000000047a50 00000000000002c0 t Curl_getformdata.part.0
0000000000047d10 0000000000000060 t Curl_getformdata
0000000000047d70 00000000000000ac t freedirs
0000000000047e20 0000000000000040 t ftp_multi_statemach
0000000000047e60 0000000000000008 t ftp_getsock
0000000000047e70 00000000000000a8 t ftp_connect
0000000000047f20 0000000000000088 t ftp_endofresp
0000000000047fb0 0000000000000188 t ftp_state_retr
0000000000048140 00000000000000ac t ftp_state_use_pasv
00000000000481f0 00000000000000b0 t ftp_epsv_disable
00000000000482a0 00000000000001f0 t ftp_state_ul_setup
0000000000048490 00000000000006dc t ftp_state_use_port
0000000000048b70 0000000000000470 t ftp_state_pasv_resp
0000000000048fe0 000000000000007c t ftp_timeleft_accept
0000000000049060 00000000000000b0 t InitiateTransfer
0000000000049110 0000000000000040 t wc_data_dtor
0000000000049150 0000000000000390 t ftp_parse_url_path
00000000000494e0 000000000000010c t ftp_setup_connection
00000000000495f0 00000000000000a4 t ftp_domore_getsock
00000000000496a0 000000000000012c t ftp_disconnect
00000000000497d0 00000000000000ac t ftp_doing
0000000000049880 0000000000000160 t AcceptServerConnect
00000000000499e0 0000000000000098 t ftp_state_type
0000000000049a80 0000000000000064 t ftp_state_mdtm
0000000000049af0 00000000000002a0 t ftp_state_quote
0000000000049d90 0000000000000104 t ftp_state_prepare_transfer
0000000000049ea0 0000000000000064 t ftp_state_rest
0000000000049f10 0000000000000064 t ftp_state_size
0000000000049f80 00000000000002d0 t ftp_state_type_resp
000000000004a250 00000000000001fc t Curl_GetFTPResponse
000000000004a450 0000000000000158 t ReceivedServerConnect
000000000004a5b0 00000000000000e0 t AllowServerConnect
000000000004a690 000000000000125c t ftp_statemach_act
000000000004b8f0 0000000000000344 t ftp_do_more
000000000004bc40 0000000000000790 t ftp_do
000000000004c3d0 0000000000000644 t ftp_done
000000000004ca20 000000000000001c t Curl_fileinfo_alloc
000000000004ca40 0000000000000048 t Curl_fileinfo_cleanup
000000000004ca90 0000000000000178 t ftp_pl_insert_finfo.isra.0
000000000004cc10 000000000000001c t Curl_ftp_parselist_data_alloc
000000000004cc30 0000000000000044 t Curl_ftp_parselist_data_free
000000000004cc80 0000000000000008 t Curl_ftp_parselist_geterror
000000000004cc90 0000000000000dd8 T Curl_ftp_parselist
000000000004da70 0000000000000198 t Curl_HMAC_init
000000000004dc10 0000000000000020 t Curl_HMAC_update
000000000004dc30 000000000000008c t Curl_HMAC_final
000000000004dcc0 00000000000002e4 t Curl_dedotdotify
000000000004dfb0 0000000000000120 t Curl_range
000000000004e0d0 0000000000000044 T Curl_fnmatch
000000000004e120 0000000000000114 t updatewindow
000000000004e240 0000000000000050 t inflateStateCheck
000000000004e290 0000000000000080 T inflateResetKeep
000000000004e310 0000000000000050 T inflateReset
000000000004e360 00000000000000ac T inflateReset2
000000000004e410 0000000000000118 T inflateInit2_
000000000004e530 0000000000000010 T inflateInit_
000000000004e540 00000000000000b0 T inflatePrime
000000000004e5f0 00000000000018ec T inflate
000000000004fee0 000000000000005c T inflateEnd
000000000004ff40 00000000000000d4 T inflateGetDictionary
0000000000050020 00000000000000c0 T inflateSetDictionary
00000000000500e0 0000000000000068 T inflateGetHeader
0000000000050150 0000000000000308 T inflateSync
0000000000050460 0000000000000070 T inflateSyncPoint
00000000000504d0 00000000000001e0 T inflateCopy
00000000000506b0 0000000000000060 T inflateUndermine
0000000000050710 000000000000007c T inflateValidate
0000000000050790 0000000000000090 T inflateMark
0000000000050820 0000000000000064 T inflateCodesUsed
0000000000050890 000000000000047c t inflate_table
0000000000050d10 000000000000000c T zlibVersion
0000000000050d20 0000000000000008 T zlibCompileFlags
0000000000050d30 0000000000000030 T zError
0000000000050d60 0000000000000008 T zcalloc
0000000000050d70 0000000000000008 T zcfree
0000000000050d80 00000000000003a0 T adler32_z
0000000000051120 0000000000000008 T adler32
0000000000051130 00000000000000e4 T adler32_combine
0000000000051220 00000000000000e4 T adler32_combine64
0000000000051310 000000000000000c T get_crc_table
0000000000051320 00000000000003c4 T crc32_z
00000000000516f0 0000000000000008 T crc32
0000000000051700 00000000000000cc T crc32_combine64
00000000000517d0 0000000000000004 T crc32_combine
00000000000517e0 0000000000000090 T crc32_combine_gen64
0000000000051870 0000000000000004 T crc32_combine_gen
0000000000051880 0000000000000044 T crc32_combine_op
00000000000518d0 00000000000004f4 t inflate_fast
0000000000051dd0 00000000000000b0 T __libnx_init_thread
0000000000051e80 000000000000034c T threadCreate
00000000000521d0 00000000000000a4 T threadExit
0000000000052280 00000000000000ac t _EntryWrap
0000000000052330 0000000000000008 T threadStart
0000000000052340 0000000000000064 t _memregionInitWithInfo
00000000000523b0 0000000000000004 W __libnx_virtmem_rng
00000000000523c0 0000000000000164 t _memregionFindRandom
0000000000052530 0000000000000140 T virtmemSetup
0000000000052670 000000000000000c T virtmemLock
0000000000052680 000000000000000c T virtmemUnlock
0000000000052690 0000000000000050 T virtmemFindAslr
00000000000526e0 0000000000000050 T virtmemFindStack
0000000000052730 0000000000000078 t _accountCleanup
00000000000527b0 00000000000002cc T accountInitialize
0000000000052a80 0000000000000048 T accountExit
0000000000052ad0 0000000000000168 T accountListAllUsers
0000000000052c40 00000000000000d0 T accountGetLastOpenedUser
0000000000052d10 000000000000010c T accountGetProfile
0000000000052e20 0000000000000064 T accountProfileClose
0000000000052e90 00000000000001cc T accountProfileGet
0000000000053060 0000000000000108 t _appletCmdGetSession
0000000000053170 0000000000000284 t _appletStorageRW.part.0
0000000000053400 00000000000000d4 t _appletCmdNoInOutU64.isra.0
00000000000534e0 0000000000000090 T appletStorageClose
0000000000053570 00000000000000e0 T appletStorageGetSize
0000000000053650 0000000000000018 T appletStorageRead
0000000000053670 0000000000000154 T appletPopLaunchParameter
00000000000537d0 0000000000000078 t _csrngCleanup
0000000000053850 000000000000009c T csrngInitialize
00000000000538f0 0000000000000048 T csrngExit
0000000000053940 00000000000000dc T csrngGetRandomBytes
0000000000053a20 00000000000000b4 t _fsCleanup
0000000000053ae0 00000000000001c0 t _fsCmdNoIO
0000000000053ca0 00000000000001e0 t _fsFsCmdWithInPath
0000000000053e80 00000000000001f8 t _fsFsCmdWithTwoInPaths
0000000000054080 000000000000028c t _fsFsOpenCommon
0000000000054310 00000000000001fc t _fsFsCmdWithInPathAndOutU64
0000000000054510 00000000000000f8 t _fsObjectClose
0000000000054610 000000000000017c t _fsCmdGetSession.constprop.0
0000000000054790 00000000000002f8 T fsInitialize
0000000000054a90 0000000000000048 T fsExit
0000000000054ae0 0000000000000008 T fsOpenSdCardFileSystem
0000000000054af0 0000000000000190 T fsCreateSaveDataFileSystem
0000000000054c80 00000000000001a8 T fsExtendSaveDataFileSystem
0000000000054e30 00000000000001b8 T fsOpenSaveDataFileSystem
0000000000054ff0 000000000000019c T fsOpenSaveDataInfoReader
0000000000055190 00000000000001ec T fsFsCreateFile
0000000000055380 0000000000000008 T fsFsDeleteFile
0000000000055390 0000000000000008 T fsFsCreateDirectory
00000000000553a0 0000000000000008 T fsFsDeleteDirectory
00000000000553b0 0000000000000008 T fsFsDeleteDirectoryRecursively
00000000000553c0 0000000000000008 T fsFsRenameFile
00000000000553d0 0000000000000008 T fsFsRenameDirectory
00000000000553e0 00000000000001f0 T fsFsGetEntryType
00000000000555d0 0000000000000008 T fsFsOpenFile
00000000000555e0 0000000000000008 T fsFsOpenDirectory
00000000000555f0 0000000000000008 T fsFsCommit
0000000000055600 0000000000000008 T fsFsGetFreeSpace
0000000000055610 0000000000000008 T fsFsGetTotalSpace
0000000000055620 0000000000000230 T fsFsGetFileTimeStampRaw
0000000000055850 0000000000000004 T fsFsClose
0000000000055860 0000000000000214 T fsFileRead
0000000000055a80 00000000000001f8 T fsFileWrite
0000000000055c80 0000000000000008 T fsFileFlush
0000000000055c90 00000000000001c0 T fsFileSetSize
0000000000055c90 00000000000001c0 t fsFileSetSize.localalias
0000000000055e50 00000000000001d4 T fsFileGetSize
0000000000055e50 00000000000001d4 t fsFileGetSize.localalias
0000000000056030 0000000000000004 T fsFileClose
0000000000056040 0000000000000004 T fsDirClose
0000000000056050 0000000000000204 T fsDirRead
0000000000056260 0000000000000204 T fsSaveDataInfoReaderRead
0000000000056470 0000000000000004 T fsSaveDataInfoReaderClose
0000000000056480 000000000000013c t _nifmCleanup
00000000000565c0 0000000000000130 t _nifmConvertSfToNetworkProfileData
00000000000566f0 00000000000003c8 T nifmInitialize
0000000000056ac0 0000000000000048 T nifmExit
0000000000056b10 0000000000000128 T nifmGetCurrentNetworkProfile
0000000000056c40 00000000000000e8 T nifmGetCurrentIpAddress
0000000000056d30 0000000000000138 T nifmGetCurrentIpConfigInfo
0000000000056e70 00000000000000c8 t _nsCleanup
0000000000056f40 00000000000000f4 t _nsGetSession.isra.0
0000000000057040 0000000000000284 T nsInitialize
00000000000572d0 0000000000000048 T nsExit
0000000000057320 000000000000005c T nsGetReadOnlyApplicationControlDataInterface
0000000000057380 0000000000000058 T nsGetApplicationManagerInterface
00000000000573e0 0000000000000204 T nsGetApplicationControlData
00000000000575f0 00000000000001a8 T nsListApplicationRecord
00000000000577a0 00000000000000d0 t _pmCmdInU64OutU64
0000000000057870 0000000000000078 t _pmdmntCleanup
00000000000578f0 0000000000000078 t _pminfoCleanup
0000000000057970 00000000000000a0 T pmdmntInitialize
0000000000057a10 0000000000000048 T pmdmntExit
0000000000057a60 00000000000000a0 T pminfoInitialize
0000000000057b00 0000000000000048 T pminfoExit
0000000000057b50 00000000000000e4 T pmdmntGetApplicationProcessId
0000000000057c40 0000000000000010 T pminfoGetProgramId
0000000000057c50 00000000000000a8 t _pscmCleanup
0000000000057d00 0000000000000228 T pscmInitialize
0000000000057f30 0000000000000048 T pscmExit
0000000000057f80 00000000000000f8 T pscPmModuleGetRequest
0000000000058080 0000000000000188 T pscPmModuleAcknowledge
0000000000058210 0000000000000094 T pscPmModuleClose
00000000000582b0 0000000000000258 T pscmGetPmModule
0000000000058510 00000000000000d0 t _setsysGetFirmwareVersionImpl
00000000000585e0 0000000000000078 t _setsysCleanup
0000000000058660 0000000000000078 t _setcalCleanup
00000000000586e0 00000000000000c8 t _setCmdNoInOutU32.isra.0
00000000000587b0 00000000000000a0 T setsysInitialize
0000000000058850 0000000000000048 T setsysExit
00000000000588a0 00000000000000a0 T setcalInitialize
0000000000058940 0000000000000048 T setcalExit
0000000000058990 0000000000000048 T setsysGetFirmwareVersion
00000000000589e0 0000000000000050 T setsysGetProductModel
0000000000058a30 00000000000000d4 T setcalGetBdAddress
0000000000058b10 00000000000000cc t _smCmifCmdInPid
0000000000058be0 0000000000000078 t _smCleanup
0000000000058c60 0000000000000048 T smAddOverrideHandle
0000000000058cb0 0000000000000054 T smGetServiceOverride
0000000000058d10 00000000000001ac T smInitialize
0000000000058ec0 0000000000000048 T smExit
0000000000058f10 00000000000000d0 T smGetServiceOriginal
0000000000058fe0 0000000000000120 T smGetServiceWrapper
0000000000059100 00000000000000b4 t _sslCleanup
00000000000591c0 00000000000001a0 t _sslCmdNoInOutU32
0000000000059360 0000000000000188 t _sslCmdNoIO
00000000000594f0 00000000000001b0 t _sslCmdInBufNoOut
00000000000596a0 000000000000018c t _sslCmdInU32NoOut
0000000000059830 00000000000001c4 t _sslCmdOutBufOutU32
0000000000059a00 000000000000022c t _sslCmdNoInOutBufTwoOutU32s
0000000000059c30 00000000000001a0 t _sslCmdInU8U32NoOut
0000000000059dd0 00000000000000f8 t _sslObjectClose
0000000000059ed0 0000000000000404 T sslInitialize
000000000005a2e0 0000000000000048 T sslExit
000000000005a330 0000000000000198 T sslCreateContext
000000000005a4d0 0000000000000004 T sslContextClose
000000000005a4e0 000000000000021c T sslContextCreateConnection
000000000005a700 00000000000001ec T sslContextImportServerPki
000000000005a8f0 0000000000000220 T sslContextImportClientPki
000000000005ab10 0000000000000004 T sslConnectionClose
000000000005ab20 00000000000001b8 T sslConnectionSetSocketDescriptor
000000000005ace0 0000000000000028 T sslConnectionSetHostName
000000000005ad10 0000000000000018 T sslConnectionSetVerifyOption
000000000005ad30 0000000000000018 T sslConnectionSetIoMode
000000000005ad50 0000000000000040 T sslConnectionDoHandshake
000000000005ad90 0000000000000090 T sslConnectionGetServerCertDetail
000000000005ae20 0000000000000030 T sslConnectionRead
000000000005ae50 00000000000001e4 T sslConnectionWrite
000000000005b040 0000000000000018 T sslConnectionPending
000000000005b060 0000000000000030 T sslConnectionPeek
000000000005b090 0000000000000018 T sslConnectionGetVerifyCertError
000000000005b0b0 0000000000000018 T sslConnectionSetSessionCacheMode
000000000005b0d0 0000000000000024 T sslConnectionSetOption
000000000005b100 000000000000027c t _timeCleanup
000000000005b380 0000000000000100 t _timeCmdGetSession.constprop.0
000000000005b480 0000000000000104 t _timeReadClockFromSharedMem
000000000005b590 0000000000000300 T timeInitialize
000000000005b890 0000000000000048 T timeExit
000000000005b8e0 0000000000000038 T timeGetServiceSession_SystemClock
000000000005b920 00000000000000fc T timeGetCurrentTime
000000000005ba20 0000000000000108 T timeToCalendarTimeWithMyRule
000000000005bb30 0000000000000114 T timeToPosixTimeWithMyRule
000000000005bc50 00000000000001f4 t _sha256ProcessBlocks
000000000005be50 0000000000000028 T sha256ContextCreate
000000000005be80 00000000000000f4 T sha256ContextUpdate
000000000005bf80 00000000000000ec T sha256ContextGetHash
000000000005c070 0000000000000040 T sha256CalculateHash
000000000005c0b0 0000000000000004 W __libnx_alloc
000000000005c0c0 0000000000000014 W __libnx_aligned_alloc
000000000005c0e0 0000000000000004 W __libnx_free
000000000005c0f0 000000000000001c W diagAbortWithResult
000000000005c110 0000000000000208 T envSetup
000000000005c320 0000000000000020 T envGetMainThreadHandle
000000000005c340 000000000000000c T envIsNso
000000000005c350 0000000000000014 T envHasArgv
000000000005c370 000000000000000c T envGetArgv
000000000005c380 000000000000000c T envGetExitFuncPtr
000000000005c390 000000000000000c T envHasRandomSeed
000000000005c3a0 0000000000000010 T envGetRandomSeed
000000000005c3b0 000000000000000c T envGetUserIdStorage
000000000005c3c0 0000000000000014 T hosversionGet
000000000005c3e0 0000000000000010 T hosversionSet
000000000005c3f0 0000000000000038 T freeaddrinfo
000000000005c430 00000000000005a0 T getaddrinfo
000000000005c9d0 0000000000000070 T gethostid
000000000005ca40 0000000000000034 T gethostname
000000000005ca80 0000000000000010 t fsdev_link
000000000005ca90 0000000000000010 t fsdev_dirreset
000000000005caa0 0000000000000010 t fsdev_chmod
000000000005cab0 0000000000000018 t error_cmp
000000000005cad0 0000000000000020 t fsdev_dirclose
000000000005caf0 000000000000001c t fsdev_close
000000000005cb10 0000000000000074 t fsdev_converttimetoutc
000000000005cb90 00000000000000f8 t fsdevFindDevice.part.0
000000000005cc90 00000000000001cc t fsdev_fixpath
000000000005ce60 000000000000009c t _fsdevUnmountDeviceStruct.part.0
000000000005cf00 0000000000000010 t fsdev_fchmod
000000000005cf10 0000000000000100 t fsdev_diropen
000000000005d010 00000000000000f8 t fsdev_statvfs
000000000005d110 000000000000007c t fsdev_fsync
000000000005d190 00000000000000ec t fsdev_fstat
000000000005d280 0000000000000094 t fsdev_ftruncate
000000000005d320 00000000000001d8 t fsdev_stat
000000000005d500 000000000000014c t fsdev_rename
000000000005d650 000000000000013c t fsdev_chdir
000000000005d790 00000000000000a4 t fsdev_rmdir
000000000005d840 00000000000000a4 t fsdev_mkdir
000000000005d8f0 00000000000000a4 t fsdev_unlink
000000000005d9a0 000000000000013c t fsdev_write_safe
000000000005dae0 0000000000000134 t fsdev_read_safe
000000000005dc20 0000000000000100 t fsdev_read
000000000005dd20 00000000000001d4 t fsdev_dirnext
000000000005df00 0000000000000124 t fsdev_write
000000000005e030 0000000000000110 t fsdev_seek
000000000005e140 0000000000000230 t fsdev_open
000000000005e370 0000000000000324 T fsdevMountDevice
000000000005e6a0 0000000000000040 T fsdevMountSdmc
000000000005e6e0 0000000000000064 T fsdevUnmountAll
000000000005e750 000000000000007c t _socketGetFd
000000000005e7d0 00000000000000a4 t _socketParseBsdResult.part.0
000000000005e880 0000000000000050 t _socketRead
000000000005e8d0 0000000000000050 t _socketWrite
000000000005e920 0000000000000044 t _socketClose
000000000005e970 000000000000008c t _socketOpen
000000000005ea00 000000000000001c T socketExit
000000000005ea20 00000000000001b4 T socketInitialize
000000000005ebe0 00000000000000c4 T socketSslConnectionSetSocketDescriptor
000000000005ecb0 000000000000018c T poll
000000000005ee40 0000000000000098 T socket
000000000005eee0 000000000000005c T recv
000000000005ef40 0000000000000064 T recvfrom
000000000005efb0 000000000000005c T send
000000000005f010 000000000000006c T sendto
000000000005f080 00000000000000a0 T accept
000000000005f120 0000000000000060 T bind
000000000005f180 0000000000000060 T connect
000000000005f1e0 0000000000000058 T getpeername
000000000005f240 0000000000000058 T getsockname
000000000005f2a0 0000000000000060 T getsockopt
000000000005f300 0000000000000058 T listen
000000000005f360 0000000000000068 T setsockopt
000000000005f3d0 00000000000000bc T fcntl
000000000005f490 00000000000001e4 T ioctl
000000000005f680 0000000000000020 T socketpair
000000000005f6a0 00000000000001b4 t _inetAtonDetail
000000000005f860 00000000000000d4 t inet_ntop4.part.0
000000000005f940 0000000000000454 T inet_ntop
000000000005fda0 0000000000000280 T inet_pton
0000000000060020 0000000000000128 T decode_utf8
0000000000060148 T svcSetMemoryPermission
0000000000060150 T svcSetMemoryAttribute
0000000000060158 T svcMapMemory
0000000000060160 T svcUnmapMemory
0000000000060168 T svcQueryMemory
000000000006017c T svcExitProcess
0000000000060184 T svcCreateThread
0000000000060198 T svcStartThread
00000000000601a0 T svcExitThread
00000000000601a8 T svcSleepThread
00000000000601b0 T svcMapSharedMemory
00000000000601b8 T svcUnmapSharedMemory
00000000000601c0 T svcCreateTransferMemory
00000000000601d4 T svcCloseHandle
00000000000601dc T svcArbitrateLock
00000000000601e4 T svcArbitrateUnlock
00000000000601ec T svcWaitProcessWideKeyAtomic
00000000000601f4 T svcSignalProcessWideKey
00000000000601fc T svcGetSystemTick
0000000000060204 T svcConnectToNamedPort
0000000000060218 T svcSendSyncRequest
0000000000060220 T svcBreak
0000000000060228 T svcReturnFromException
0000000000060230 T svcGetInfo
0000000000060244 T svcUnmapTransferMemory
000000000006024c T __aarch64_read_tp
0000000000060260 000000000000000c T eventLoadRemote
0000000000060270 00000000000000c8 T mutexLock
0000000000060340 0000000000000068 T mutexUnlock
00000000000603b0 000000000000001c T mutexIsLockedByCurrentThread
00000000000603d0 0000000000000050 T rmutexLock
0000000000060420 0000000000000018 T rmutexUnlock
0000000000060440 0000000000000410 T randomGet
0000000000060850 0000000000000020 T randomGet64
0000000000060870 0000000000000014 T shmemLoadRemote
0000000000060890 0000000000000070 T shmemMap
0000000000060900 0000000000000034 T shmemUnmap
0000000000060940 000000000000004c T shmemClose
0000000000060990 00000000000000a8 T tmemCreate
0000000000060a40 000000000000002c T tmemCreateFromMemory
0000000000060a70 0000000000000034 T tmemUnmap
0000000000060ab0 0000000000000030 T tmemCloseHandle
0000000000060ae0 0000000000000050 T tmemClose
0000000000060b30 0000000000000184 T sessionmgrCreate
0000000000060cc0 0000000000000084 T sessionmgrClose
0000000000060d50 00000000000000a8 T sessionmgrAttachClient
0000000000060e00 0000000000000060 T sessionmgrDetachClient
0000000000060e60 00000000000000f4 t _bsdCleanup
0000000000060f60 0000000000000144 t _bsdCmdInDomainTypeProtocol
00000000000610b0 00000000000001ec t _bsdCmdInSockfdOutSockaddr
00000000000612a0 00000000000001ac t _bsdCmdInSockfdSockaddr
0000000000061450 0000000000000124 t _bsdRegisterClient.constprop.0
0000000000061580 0000000000000358 T bsdInitialize
00000000000618e0 0000000000000048 T bsdExit
0000000000061930 0000000000000008 T bsdSocket
0000000000061940 00000000000001c8 T bsdOpen
0000000000061b10 0000000000000250 T bsdPoll
0000000000061d60 00000000000001bc T bsdRecv
0000000000061f20 0000000000000268 T bsdRecvFrom
0000000000062190 00000000000001c8 T bsdSend
0000000000062360 000000000000025c T bsdSendTo
00000000000625c0 0000000000000008 T bsdAccept
00000000000625d0 0000000000000008 T bsdBind
00000000000625e0 0000000000000008 T bsdConnect
00000000000625f0 0000000000000008 T bsdGetPeerName
0000000000062600 0000000000000008 T bsdGetSockName
0000000000062610 00000000000001f0 T bsdGetSockOpt
0000000000062800 0000000000000140 T bsdListen
0000000000062940 0000000000000520 T bsdIoctl
0000000000062e60 0000000000000178 T bsdFcntl
0000000000062fe0 00000000000001c4 T bsdSetSockOpt
00000000000631b0 00000000000001bc T bsdWrite
0000000000063370 00000000000001b0 T bsdRead
0000000000063520 0000000000000134 T bsdClose
0000000000063660 00000000000002ac T sfdnsresGetAddrInfoRequest
0000000000063910 0000000000000314 W argvSetup
0000000000063c30 00000000000001fc T __nx_dynamic
0000000000063e30 000000000000002c W __libnx_init
0000000000063e60 000000000000001c W __libnx_exit
0000000000063e80 000000000000001c T __syscall_exit
0000000000063ea0 0000000000000034 T __syscall_getreent
0000000000063ee0 0000000000000004 T __syscall_lock_acquire
0000000000063ef0 0000000000000004 T __syscall_lock_release
0000000000063f00 0000000000000004 T __syscall_lock_acquire_recursive
0000000000063f10 0000000000000004 T __syscall_lock_release_recursive
0000000000063f20 00000000000000e8 T __syscall_clock_gettime
0000000000064010 0000000000000088 T __syscall_gettod_r
00000000000640a0 0000000000000098 T newlibSetup
0000000000064140 00000000000000e8 T nxlinkSetup
0000000000064230 0000000000000030 T _convert_errno
0000000000064260 W __libnx_exception_entry
00000000000642ec t __libnx_exception_entry_start
0000000000064414 t __libnx_exception_entry_abort
0000000000064418 t __libnx_exception_entry_end
0000000000064420 T __libnx_exception_returnentry
0000000000064440 0000000000000070 T condvarWaitTimeout
00000000000644c0 00000000000000c4 T strncat
00000000000645a0 0000000000000004 T _ftell_r
00000000000645c0 000000000000001c T ftell
00000000000645e0 000000000000002c T fstat
0000000000064620 0000000000000024 T getenv
0000000000064660 00000000000000b0 T sscanf
0000000000064720 0000000000000134 t critical_factorization
0000000000064860 00000000000002f0 t two_way_long_needle
0000000000064b60 0000000000000258 T strstr
0000000000064dc0 00000000000000cc T strchr
0000000000064ea0 0000000000000330 T _fread_r
00000000000651e0 0000000000000034 T fread
0000000000065240 00000000000000b8 T strnlen
0000000000065300 00000000000000b4 T bsearch
00000000000653c0 00000000000000a8 T fputc
0000000000065480 000000000000008c T open
0000000000065540 000000000000022c T memcpy
0000000000065540 T memmove
000000000006576c 0000000000000074 t get_arg
00000000000657e0 0000000000003260 T __ssvfscanf_r
0000000000068a40 0000000000000120 T _fopen_r
0000000000068b60 000000000000002c T fopen
0000000000068ba0 0000000000000058 t sulp
0000000000068c00 00000000000012f8 T _strtod_l
0000000000069f00 0000000000000040 T _strtod_r
0000000000069f40 000000000000001c T close
0000000000069f60 0000000000000028 T gmtime
0000000000069fa0 00000000000001a4 t _strtoull_l.isra.0
000000000006a160 0000000000000034 T _strtoull_r
000000000006a1a0 0000000000000040 T strtoull
000000000006a200 0000000000000104 T memset
000000000006a320 000000000000002c T gettimeofday
000000000006a360 0000000000000110 t rshift
000000000006a480 0000000000000860 T __gethex
000000000006ace0 00000000000000f8 T snprintf
000000000006ade0 00000000000000b4 T fileno
000000000006aea0 00000000000001a4 t _strtoul_l.isra.0
000000000006b060 0000000000000034 T _strtoul_r
000000000006b0a0 0000000000000040 T strtoul
000000000006b100 000000000000012c T strcpy
000000000006b240 00000000000000d8 T _mbrtowc_r
000000000006b340 0000000000000104 T strrchr
000000000006b480 0000000000000150 T stpcpy
000000000006b5e0 0000000000000184 T _fgets_r
000000000006b780 0000000000000034 T fgets
000000000006b7c0 000000000000002c T calloc
000000000006b800 0000000000000044 T access
000000000006b860 00000000000000d0 T __sccl
000000000006b940 000000000000002c T aligned_alloc
000000000006b980 000000000000018c T _memalign_r
000000000006bb20 0000000000000014 T __errno
000000000006bb40 00000000000000b0 T __swhatbuf_r
000000000006bc00 00000000000000e8 T __smakebuf_r
000000000006bd00 0000000000000034 T lseek
000000000006bd40 0000000000000130 T strlen
000000000006be80 00000000000002c0 t _strtoll_l.isra.0
000000000006c140 0000000000000034 T _strtoll_r
000000000006c180 000000000000002c T __locale_mb_cur_max
000000000006c1c0 00000000000000bc T _calloc_r
000000000006c280 00000000000001ec T __sflush_r
000000000006c480 00000000000000bc T _fflush_r
000000000006c540 000000000000003c T fflush
000000000006c580 00000000000000a4 T _vsnprintf_r
000000000006c640 0000000000000048 T vsnprintf
000000000006c6a0 00000000000000f4 T _fwrite_r
000000000006c7a0 0000000000000034 T fwrite
000000000006c7e0 000000000000002c T realloc
000000000006c820 000000000000006c T strcspn
000000000006c8c0 00000000000001b4 T strncmp
000000000006ca80 000000000000094c T qsort
000000000006ca80 000000000000094c t qsort.localalias
000000000006d3e0 0000000000000168 T _ftello_r
000000000006d560 00000000000000e4 T _putc_r
000000000006d660 0000000000000840 T _malloc_r
000000000006dea0 0000000000000118 T __swbuf_r
000000000006dfc0 00000000000001c8 T memcmp
000000000006e1a0 000000000000011c T _malloc_trim_r
000000000006e2c0 00000000000002d8 T _free_r
000000000006e5a0 0000000000000048 T strspn
000000000006e5e8 00000000000000f0 T _sungetc_r
000000000006e6d8 0000000000000070 T __ssrefill_r
000000000006e748 00000000000000dc T _sfread_r
000000000006e840 000000000000001c t stdio_exit_handler
000000000006e860 000000000000006c t cleanup_stdio
000000000006e8e0 0000000000000128 t global_stdio_init.part.0
000000000006ea20 000000000000000c T __sfp_lock_acquire
000000000006ea40 000000000000000c T __sfp_lock_release
000000000006ea60 0000000000000130 T __sfp
000000000006eba0 0000000000000054 T __sinit
000000000006ec00 000000000000001c T atoi
000000000006ec20 00000000000002c0 t _strtol_l.part.0
000000000006eee0 0000000000000070 T _strtol_r
000000000006ef60 0000000000000078 T strtol
000000000006efe0 00000000000000a4 T __libc_init_array
000000000006f0a0 000000000000002c T rename
000000000006f0e0 00000000000000ac T strncpy
000000000006f1a0 0000000000000004 T _fseek_r
000000000006f1c0 0000000000000034 T fseek
000000000006f200 0000000000000038 T malloc
000000000006f240 000000000000001c T free
000000000006f260 000000000000002c T write
000000000006f2a0 000000000000012c T __swsetup_r
000000000006f3e0 00000000000000f4 T _findenv_r
000000000006f4e0 0000000000000008 T __localeconv_l
000000000006f500 0000000000000028 T _localeconv_r
000000000006f540 000000000000004c T __sread
000000000006f5a0 0000000000000008 T __seofread
000000000006f5c0 0000000000000070 T __swrite
000000000006f640 0000000000000050 T __sseek
000000000006f6a0 0000000000000008 T __sclose
000000000006f6c0 0000000000000568 T _realloc_r
000000000006fc40 000000000000001c T strdup
000000000006fc60 000000000000000c T __malloc_lock
000000000006fc80 000000000000000c T __malloc_unlock
000000000006fca0 00000000000004c0 T _fseeko_r
0000000000070160 0000000000000130 T _fclose_r
00000000000702a0 000000000000001c T fclose
00000000000702c0 0000000000000048 T time
0000000000070320 000000000000002c T read
0000000000070360 0000000000000004 W __call_exitprocs
0000000000070364 0000000000000790 t get_arg
0000000000070af4 0000000000003a84 T _svfprintf_r
0000000000074580 00000000000000b8 T __sflags
0000000000074640 000000000000002c T stat
0000000000074680 0000000000000134 T strcmp
00000000000747c0 00000000000000e0 T __utf8_wctomb
00000000000748a0 0000000000000044 T __libc_fini_array
0000000000074900 00000000000002a0 T gmtime_r
0000000000074ba0 00000000000000b0 T __xpg_strerror_r
0000000000074c80 00000000000000dc T memchr
0000000000074d60 0000000000000048 T __match
0000000000074dc0 000000000000025c T __hexnan
0000000000075020 000000000000009c T sprintf
00000000000750c0 00000000000000a8 T __strtok_r
0000000000075180 0000000000000008 T strtok_r
00000000000751a0 000000000000001c T unlink
00000000000751c0 0000000000000038 t lflush
0000000000075200 0000000000000190 T __srefill_r
00000000000753a0 000000000000000c T nan
00000000000753c0 000000000000000c T nanf
00000000000753e0 000000000000007c T frexp
0000000000075460 00000000000000ac T stpncpy
0000000000075520 000000000000000c T __env_lock
0000000000075540 000000000000000c T __env_unlock
0000000000075560 0000000000000064 T __assert_func
00000000000755e0 0000000000000054 T _strdup_r
0000000000075640 0000000000000008 T iswspace
0000000000075660 00000000000000a4 T _Balloc
0000000000075720 0000000000000020 T _Bfree
0000000000075740 0000000000000118 T __multadd
0000000000075860 0000000000000144 T __s2b
00000000000759c0 0000000000000094 T __hi0bits
0000000000075a60 0000000000000100 T __lo0bits
0000000000075b60 000000000000004c T __i2b
0000000000075bc0 0000000000000210 T __multiply
0000000000075de0 0000000000000104 T __pow5mult
0000000000075f00 0000000000000174 T __lshift
0000000000076080 0000000000000050 T __mcmp
00000000000760e0 00000000000001c4 T __mdiff
00000000000762c0 0000000000000084 T __ulp
0000000000076360 0000000000000168 T __b2d
00000000000764e0 000000000000014c T __d2b
0000000000076640 00000000000000b0 T __ratio
0000000000076700 0000000000000074 T __copybits
0000000000076780 0000000000000068 T __any_on
0000000000076800 0000000000000098 T _fwalk_sglue
00000000000768a0 00000000000000d0 T _wcrtomb_r
0000000000076980 00000000000000b8 T __submore
0000000000076a40 00000000000000c8 T __ssprint_r
0000000000076b20 00000000000002dc T __utf8_mbtowc
0000000000076e00 0000000000000080 T fiprintf
0000000000076e80 00000000000004a4 T __sfvwrite_r
0000000000077340 0000000000000418 T _strerror_r
0000000000077760 0000000000000018 T abort
0000000000077780 0000000000000038 T __sprint_r
00000000000777c0 00000000000001a4 t quorem
0000000000077980 00000000000012f0 T _dtoa_r
0000000000078c80 0000000000000010 T _wcsrtombs_r
0000000000078ca0 0000000000000048 T iswspace_l
0000000000078d00 0000000000000008 T _user_strerror
0000000000078d20 0000000000000188 T __ssputs_r
0000000000078ea8 0000000000000790 t get_arg
0000000000079638 0000000000002964 T _vfiprintf_r
000000000007bf9c 00000000000000cc t __sbprintf
000000000007c080 0000000000000188 T _wcsnrtombs_l
000000000007c220 0000000000000054 T _wcsnrtombs_r
000000000007c280 000000000000009c T _raise_r
000000000007c320 000000000000001c T raise
000000000007c340 0000000000000084 T category
000000000007c3e0 0000000000000020 T _exit
000000000007c400 0000000000000030 T clock_gettime
000000000007c440 000000000000008c t __dirnext
000000000007c4e0 0000000000000110 T opendir
000000000007c600 00000000000000ac T closedir
000000000007c6c0 0000000000000104 T readdir_r
000000000007c7e0 0000000000000040 T readdir
000000000007c820 000000000000044c T fnmatch
000000000007c820 000000000000044c t fnmatch.localalias
000000000007cc80 000000000000009c T _fstat_r
000000000007cd20 0000000000000010 T _getpid_r
000000000007cd40 0000000000000020 T __getreent
000000000007cd60 0000000000000024 T _gettimeofday_r
000000000007cda0 00000000000000a0 T __release_handle
000000000007ce40 0000000000000130 T __alloc_handle
000000000007cf80 0000000000000060 T __get_handle
000000000007cfe0 00000000000000f4 T _close_r
000000000007d0e0 0000000000000008 t null_write
000000000007d100 0000000000000018 T setDefaultDevice
000000000007d120 00000000000000b8 T FindDevice
000000000007d1e0 000000000000002c T RemoveDevice
000000000007d220 00000000000000a4 T AddDevice
000000000007d2e0 0000000000000034 T GetDeviceOpTab
000000000007d320 0000000000000008 T _isatty_r
000000000007d340 0000000000000010 T _kill_r
000000000007d360 00000000000000a0 T _lseek_r
000000000007d400 00000000000000f0 T _open_r
000000000007d500 00000000000000b0 T _read_r
000000000007d5c0 00000000000000a8 T _rename_r
000000000007d680 0000000000000078 W _sbrk_r
000000000007d700 000000000000008c T _stat_r
000000000007d7a0 0000000000000014 T __libc_lock_acquire
000000000007d7c0 0000000000000014 T __libc_lock_release
000000000007d7e0 0000000000000014 T __libc_lock_acquire_recursive
000000000007d800 0000000000000014 T __libc_lock_release_recursive
000000000007d820 0000000000000080 T _unlink_r
000000000007d8a0 00000000000000b0 T _write_r
000000000007d960 0000000000000134 t __extenddftf2
000000000007daa0 0000000000000380 t __trunctfdf2
000000000007de20 0000000000000070 t __sfp_handle_exceptions
000000000007de90 T _init
000000000007dec8 T _fini
0000000000089718 0000000000000008 r catalog_enumerate(CatalogEntry*, int)::SPACES
0000000000089770 0000000000000024 r __appInit::sock_cfg
00000000000897a0 0000000000000008 r DUMP_SPACES
00000000000897a8 0000000000000008 r SAVE_SPACES
00000000000897d8 0000000000000010 r tv_zero.1
00000000000898b0 0000000000000010 r tv_zero.1
0000000000089e50 0000000000000080 r ascii
0000000000089f18 000000000000000c r CSWTCH.69
0000000000089f18 000000000000000c r CSWTCH.70
0000000000089f30 0000000000000041 r base64url
0000000000089f80 0000000000000041 r base64
0000000000089fd0 0000000000000015 r s_infotype.0
0000000000089fe8 0000000000000010 r CSWTCH.275
000000000008a118 0000000000000006 r strnil.0
000000000008a120 0000000000000006 r null.1
000000000008a130 0000000000000025 r upper_digits
000000000008a160 0000000000000025 r lower_digits
000000000008a270 0000000000000030 r month_days_cumulative.0
000000000008a2a0 000000000000033c r tz
000000000008a630 0000000000000001 r defaultVersion.0
000000000008a638 000000000000000a r sanOID
000000000008a648 0000000000000008 r cnOID
000000000008a650 0000000000000200 r K
000000000008a8a0 0000000000000021 r badbytes.0
000000000008a908 000000000000000a r mode.0
000000000008a918 000000000000000a r mode.1
000000000008a928 0000000000000008 r ftpauth.2
000000000008a948 0000000000000001 r hmac_opad
000000000008a949 0000000000000001 r hmac_ipad
000000000008a990 0000000000000800 r lenfix.1
000000000008b190 0000000000000080 r distfix.0
000000000008b210 0000000000000026 r order.2
000000000008b240 0000000000000040 r dext.0
000000000008b280 0000000000000040 r dbase.1
000000000008b2c0 000000000000003e r lext.2
000000000008b300 000000000000003e r lbase.3
000000000008b340 000000000000002f R inflate_copyright
000000000008b370 0000000000000400 r crc_table
000000000008b770 0000000000000080 r x2n_table
000000000008b7f0 0000000000002000 r crc_braid_table
000000000008d7f0 0000000000000020 r H_0.0
000000000008d840 0000000000000100 r s_roundConstants
000000000008d958 0000000000000020 r error_table
000000000008d978 0000000000000024 r g_defaultSocketInitConfig
000000000008d9a0 0000000000000011 r xdigits_u.0
000000000008d9c0 0000000000000011 r xdigits_l.1
000000000008d9e0 0000000000000011 r digits.2
000000000008d9f8 0000000000000038 r g_defaultBsdInitConfig
000000000008da40 0000000000000086 r _error_code_map
000000000008dc10 0000000000000022 r basefix.0
000000000008dc38 0000000000000014 r fpinan.0
000000000008dc50 0000000000000014 r fpi.1
000000000008dc70 0000000000000028 r tinytens
000000000008dc98 0000000000000100 R __hexdig
000000000008de90 0000000000000010 r zeroes.0
000000000008dea0 0000000000000010 r blanks.1
000000000008deb0 0000000000000101 R _ctype_
000000000008dfb8 000000000000000c r p05.0
000000000008dfc8 0000000000000028 R __mprec_bigtens
000000000008dff0 00000000000000c8 R __mprec_tens
000000000008e0b8 000000000000006c R __action_table
000000000008e128 000000000000006c R __state_table
000000000008e198 0000000000000100 R __chclass
000000000008e4b0 0000000000000010 r zeroes.0
000000000008e4c0 0000000000000010 r blanks.1
000000000008e4d0 00000000000037f8 r categories
0000000000091cc8 r __tls_align
0000000000091cd0 r __EH_FRAME_BEGIN__
0000000000091cd0 r __eh_frame_hdr_end
0000000000091cd0 r __eh_frame_hdr_start
00000000000a326c r __FRAME_END__
00000000000a4000 d __frame_dummy_init_array_entry
00000000000a4000 d __init_array_start
00000000000a4000 d __preinit_array_end
00000000000a4000 d __preinit_array_start
00000000000a4000 d __relro_start
00000000000a4008 d __do_global_dtors_aux_fini_array_entry
00000000000a4008 d __fini_array_start
00000000000a4008 d __init_array_end
00000000000a4010 00000000000000a0 d ctts.0
00000000000a4010 d __fini_array_end
00000000000a40b0 00000000000000c0 d Curl_ssl_multi
00000000000a4170 0000000000000088 D Curl_handler_https
00000000000a41f8 0000000000000088 D Curl_handler_http
00000000000a4280 0000000000000088 d Curl_handler_dummy
00000000000a4308 0000000000000088 D Curl_handler_dict
00000000000a4390 0000000000000088 D Curl_handler_telnet
00000000000a4420 00000000000000a0 d telnetcmds
00000000000a44c0 0000000000000140 d telnetoptions
00000000000a4600 0000000000000030 d error_encoding
00000000000a4630 0000000000000030 d client_encoding
00000000000a4660 0000000000000020 d encodings
00000000000a4680 0000000000000030 d identity_encoding
00000000000a46b0 0000000000000030 d gzip_encoding
00000000000a46e0 0000000000000030 d deflate_encoding
00000000000a4710 0000000000000020 D Curl_DIGEST_MD5
00000000000a4730 0000000000000028 D Curl_HMAC_MD5
00000000000a4760 0000000000000038 d weekday
00000000000a47a0 0000000000000060 D Curl_month
00000000000a4800 0000000000000038 D Curl_wkday
00000000000a4838 0000000000000088 D Curl_handler_tftp
00000000000a48c0 0000000000000030 d saslimap
00000000000a48f0 0000000000000088 D Curl_handler_imaps
00000000000a4978 0000000000000088 D Curl_handler_imap
00000000000a4a00 0000000000000030 d saslpop3
00000000000a4a30 0000000000000088 D Curl_handler_pop3s
00000000000a4ab8 0000000000000088 D Curl_handler_pop3
00000000000a4b40 0000000000000030 d saslsmtp
00000000000a4b70 0000000000000088 D Curl_handler_smtps
00000000000a4bf8 0000000000000088 D Curl_handler_smtp
00000000000a4c80 0000000000000088 D Curl_handler_rtsp
00000000000a4d08 0000000000000088 D Curl_handler_gopher
00000000000a4d90 00000000000000f0 d mechtable
00000000000a4e80 00000000000002f0 d OIDtable
00000000000a5170 0000000000000068 d errors
00000000000a51d8 0000000000000088 D Curl_handler_file
00000000000a5260 0000000000000088 D Curl_handler_ftps
00000000000a52e8 0000000000000088 D Curl_handler_ftp
00000000000a5370 0000000000000050 D z_errmsg
00000000000a53c0 0000000000000030 d servarray.0
00000000000a53f0 0000000000000100 d fsdev_devoptab
00000000000a54f0 0000000000000100 d g_socketDevoptab
00000000000a55f0 0000000000000100 D dotab_stdnull
00000000000a56f0 0000000000000088 d finit.2
00000000000a5778 00000000000000c0 D Curl_ssl_libnx
00000000000a5840 0000000000000088 d protocols
00000000000a58c8 a _DYNAMIC
00000000000a5a18 a _GLOBAL_OFFSET_TABLE_
00000000000a5a18 d __got_start__
00000000000a5e30 d __got_end__
00000000000a6000 d __data_start
00000000000a6000 0000000000000004 d s_retry_delay
00000000000a6010 0000000000000020 D s_fw_version
00000000000a6030 0000000000000010 D s_hw_type
00000000000a6040 0000000000000040 D s_device_id
00000000000a6080 0000000000000004 D s_heartbeat_ticks
00000000000a6084 0000000000000004 D __nx_fs_num_sessions
00000000000a6088 0000000000000004 D __nx_applet_type
00000000000a6090 0000000000000011 D s_uid_hex
00000000000a60a8 0000000000000008 D Curl_ccalloc
00000000000a60b0 0000000000000008 D Curl_cstrdup
00000000000a60b8 0000000000000008 D Curl_crealloc
00000000000a60c0 0000000000000008 D Curl_cfree
00000000000a60c8 0000000000000008 D Curl_cmalloc
00000000000a60d0 0000000000000010 d available_backends
00000000000a60e0 0000000000000008 D Curl_ssl
00000000000a60e8 0000000000000001 V __nx_fsdev_support_cwd
00000000000a60ec 0000000000000004 V __nx_fsdev_direntry_cache_size
00000000000a60f0 0000000000000008 V __nx_pollfd_sb_max_fds
00000000000a60f8 0000000000000008 d g_bsdClientPid
00000000000a6100 0000000000000008 V __nx_exception_stack_size
00000000000a6108 0000000000000008 D _impure_ptr
00000000000a6110 0000000000000240 D _impure_data
00000000000a6350 0000000000000290 D __global_locale
00000000000a65e0 0000000000000008 D __malloc_sbrk_base
00000000000a65e8 0000000000000008 D __malloc_trim_threshold
00000000000a65f0 0000000000000810 D __malloc_av_
00000000000a6e00 0000000000000018 D __sglue
00000000000a6e18 0000000000000008 D environ
00000000000a6e20 0000000000002000 d handles
00000000000a8e20 0000000000000010 d __stderr_handle
00000000000a8e30 0000000000000010 d __stdout_handle
00000000000a8e40 0000000000000010 d __stdin_handle
00000000000a8e50 0000000000000118 D devoptab_list
00000000000a8f68 0000000000000004 d defaultDevice
00000000000a8f70 b __bss_start__
00000000000a8f70 b completed.1
00000000000a8f70 d __tdata_lma
00000000000a8f70 d __tdata_lma_end
00000000000a8f78 b object.0
00000000000a8fa8 0000000000000004 B s_catalog_count
00000000000a8fb0 0000000000001000 B s_catalog_entries
00000000000a9fb0 0000000000000001 B s_catalog_dirty
00000000000a9fb8 0000000000000008 B s_catalog_hash
00000000000a9fc0 000000000000022c B g_config
00000000000aa1ec 0000000000000001 B g_debug
00000000000aa1f0 0000000000000001 b s_rdy
00000000000aa200 0000000000000400 b s_tab
00000000000aa600 0000000000000004 b s_state
00000000000aa610 0000000000000036 b s_active_key
00000000000aa648 0000000000000004 b s_inject_blocked_count
00000000000aa650 0000000000000088 b s_inject_blocked
00000000000aa6e0 0000000000000036 b s_deferred_key
00000000000aa718 0000000000000008 b s_deferred_until_posix
00000000000aa720 0000000000000001 b s_unpaired_notif_shown
00000000000aa724 0000000000000004 b s_active_snap_id
00000000000aa730 0000000000000011 b s_inject_fail_tid
00000000000aa744 0000000000000004 b s_inject_fail_count
00000000000aa748 0000000000000004 b s_retry_ticks
00000000000aa750 0000000000000036 b s_upload_notif_key
00000000000aa788 0000000000000004 b s_fail_streak
00000000000aa790 0000000000000036 b s_fail_key
00000000000aa7c6 0000000000000001 b s_server_notified
00000000000aa7d0 0000000000000100 B g_http_last_err
00000000000aa8d0 0000000000000008 b s_upload_hdrs
00000000000aa8d8 0000000000000008 b s_download_hdrs
00000000000aa8e0 0000000000000001 B s_system_sleeping
00000000000aa8e8 0000000000000001 B s_needs_recovery
00000000000aa8f0 0000000000000007 b s_last_pairing_code
00000000000aa8f8 0000000000000008 B s_extracting_title
00000000000aa900 0000000000000008 B s_running_pid
00000000000aa908 0000000000000008 B s_running_title_id
00000000000aa910 0000000000000004 B s_socket_init_rc
00000000000aa920 0000000000000040 B g_dns_servers
00000000000aa960 0000000000000038 b s_psc_thread
00000000000aa998 0000000000000038 b s_game_monitor_thread
00000000000aa9d0 0000000000000008 B s_last_activity_posix
00000000000aa9d8 0000000000000004 B s_poll_hot_remain
00000000000aa9dc 0000000000000001 B s_network_was_down
00000000000aa9e0 0000000000000004 b s_extract_retry_count
00000000000aa9e8 0000000000000008 b s_extract_retry_title
00000000000aa9f0 0000000000000088 b main::uid_hexes
00000000000aaa78 0000000000000001 B s_dirty
00000000000aaa80 0000000000000008 B s_pending_extract_title
00000000000aaa90 0000000000003500 b poll_device_config(FsFileSystem*)::body
00000000000adf90 0000000000003004 b poll_device_config(FsFileSystem*)::catalog_json
00000000000b0fa0 0000000000024000 b get_title_name(unsigned long, char*, unsigned long)::ns_ctrl
00000000000d4fa0 0000000000100000 b __libnx_initheap::inner_heap
00000000001d4fa0 0000000000000001 B s_save_space_id
00000000001d4fa8 0000000000000008 B s_save_data_id
00000000001d4fb0 0000000000000008 B s_save_data_size
00000000001d4fc0 0000000000010000 B s_copy_buf
00000000001e4fc0 0000000000000020 B s_device_nickname_hint
00000000001e4fe0 0000000000000021 B s_account_nickname
00000000001e5001 0000000000000001 B g_verbose_notif
00000000001e5010 0000000000000d80 b deduplicate_outbound(FsFileSystem*)::keys
00000000001e5d90 0000000000006020 b recover_state_orphans(FsFileSystem*)::tmp_names
00000000001ebdb0 0000000000006020 b recover_state_orphans(FsFileSystem*)::bak_names
00000000001f1dd0 0000000000000004 B s_key_seq
00000000001f1de0 0000000000000001 b s_arena_err
00000000001f1de4 0000000000000004 b s_ent_cnt
00000000001f1de8 0000000000000008 b s_path_cur
00000000001f1df0 0000000000000008 b s_ents
00000000001f1e00 0000000000080000 b s_arena
0000000000271e00 0000000000000004 b s_sync_generation
0000000000271e04 0000000000000004 b s_tick
0000000000271e08 00000000000003ca b s_events
00000000002721d4 0000000000000004 b s_event_count
00000000002721e0 0000000000001000 b s_ev_json
00000000002731e0 0000000000000004 b s_count
00000000002731e8 00000000000001c0 b s_game_names
00000000002733a8 0000000000000004 b s_game_names_count
00000000002733b0 0000000000001000 b s_prefs
00000000002743b0 0000000000010000 b transport_poll_inbound(FsFileSystem*)::queue_body
00000000002843b0 0000000000000004 b initialized
00000000002843b8 0000000000000008 b backends_len.0
00000000002843c0 00000000000000c8 b backends.1
0000000000284488 0000000000000008 b selected.2
0000000000284490 0000000000000001 b init_ssl
0000000000284494 0000000000000004 b randseed.0
0000000000284498 0000000000000001 b seeded.1
00000000002844a0 0000000000000060 b g_tlsDestructors
0000000000284500 0000000000000008 b g_tlsUsageMask
0000000000284510 0000000000000038 b g_mainThread
0000000000284548 0000000000000008 b g_threadList
0000000000284550 0000000000000004 b g_threadMutex
0000000000284554 0000000000000001 b g_IsLegacyKernel
0000000000284558 0000000000000008 b g_Reservations
0000000000284560 0000000000000010 b g_StackRegion
0000000000284570 0000000000000010 b g_AslrRegion
0000000000284580 0000000000000010 b g_HeapRegion
0000000000284590 0000000000000010 b g_AliasRegion
00000000002845a0 0000000000000004 b g_VirtmemMutex
00000000002845a8 0000000000000008 b g_accountGuard
00000000002845b0 0000000000000001 b g_accPreselectedUserInitialized
00000000002845c0 0000000000000010 b g_accPreselectedUserID
00000000002845d0 0000000000000010 b g_accSrv
00000000002845e0 0000000000000010 b g_appletIFunctions
00000000002845f0 0000000000000010 b g_appletSrv
0000000000284600 0000000000000008 b g_csrngGuard
0000000000284608 0000000000000010 b g_csrngSrv
0000000000284618 0000000000000008 b g_fsGuard
0000000000284620 0000000000000054 b g_fsSessionMgr
0000000000284678 0000000000000010 b g_fsSrv
0000000000284688 0000000000000008 b g_nifmGuard
0000000000284690 0000000000000010 b g_nifmIGS
00000000002846a0 0000000000000010 b g_nifmSrv
00000000002846b0 0000000000000004 b g_nifmServiceType
00000000002846b8 0000000000000008 b g_nsGuard
00000000002846c0 0000000000000010 b g_nsGetterSrv
00000000002846d0 0000000000000010 b g_nsAppManSrv
00000000002846e0 0000000000000008 b g_pminfoGuard
00000000002846e8 0000000000000010 b g_pminfoSrv
00000000002846f8 0000000000000008 b g_pmdmntGuard
0000000000284700 0000000000000010 b g_pmdmntSrv
0000000000284710 0000000000000008 b g_pscmGuard
0000000000284718 0000000000000010 b g_pscmSrv
0000000000284728 0000000000000008 b g_setcalGuard
0000000000284730 0000000000000008 b g_setsysGuard
0000000000284738 0000000000000010 b g_setcalSrv
0000000000284748 0000000000000010 b g_setsysSrv
0000000000284758 0000000000000008 b g_smGuard
0000000000284760 0000000000000008 b g_smOverridesNum
0000000000284768 0000000000000180 b g_smOverrides
00000000002848e8 0000000000000010 b g_smSrv
00000000002848f8 0000000000000008 b g_sslGuard
0000000000284900 0000000000000004 V __nx_ssl_service_type
0000000000284910 0000000000000054 b g_sslSessionMgr
0000000000284968 0000000000000010 b g_sslSrv
0000000000284978 0000000000000008 b g_timeGuard
0000000000284980 0000000000000020 b g_timeSharedmem
00000000002849a0 0000000000000010 b g_timeLocalSystemClock
00000000002849b0 0000000000000010 b g_timeTimeZoneService
00000000002849c0 0000000000000010 b g_timeSteadyClock
00000000002849d0 0000000000000010 b g_timeNetworkSystemClock
00000000002849e0 0000000000000010 b g_timeUserSystemClock
00000000002849f0 0000000000000010 b g_timeSrv
0000000000284a00 0000000000000004 V __nx_time_service_type
0000000000284a08 0000000000000008 b g_userIdStorage
0000000000284a10 0000000000000010 b g_randomSeed
0000000000284a20 0000000000000001 b g_hasRandomSeed
0000000000284a24 0000000000000004 b g_lastLoadResult
0000000000284a28 0000000000000008 b g_nextLoadArgv
0000000000284a30 0000000000000008 b g_nextLoadPath
0000000000284a38 0000000000000004 b g_processHandle
0000000000284a40 0000000000000018 b g_syscallHints
0000000000284a58 0000000000000008 b g_overrideArgv
0000000000284a60 0000000000000008 b g_overrideHeapSize
0000000000284a68 0000000000000008 b g_overrideHeapAddr
0000000000284a70 0000000000000008 b g_loaderRetAddr
0000000000284a78 0000000000000004 b g_mainThreadHandle
0000000000284a80 0000000000000008 b g_loaderInfoSize
0000000000284a88 0000000000000008 b g_loaderInfo
0000000000284a90 0000000000000001 b g_isNso
0000000000284a94 0000000000000004 b g_hosVersion
0000000000284aa0 0000000000002800 b fsdev_fsdevices
00000000002872a0 0000000000000004 b fsdev_fsdevice_cwd
00000000002872a4 0000000000000001 b fsdev_initialised
00000000002872a8 B __stack_top
00000000002872b0 0000000000000004 b g_randMutex
00000000002872b4 0000000000000001 b g_randInit
00000000002872c0 0000000000000040 b g_chacha
0000000000287300 0000000000000008 b g_bsdGuard
0000000000287308 0000000000000028 b g_bsdTmem
0000000000287330 0000000000000054 b g_bsdSessionMgr
0000000000287388 0000000000000010 b g_bsdMonitor
0000000000287398 0000000000000010 b g_bsdSrv
00000000002873a8 0000000000000008 b g_argv_empty
00000000002873b0 0000000000000008 B __system_argv
00000000002873b8 0000000000000004 B __system_argc
00000000002873c0 0000000000000340 B __nx_exceptiondump
0000000000287700 0000000000000004 V __nx_exception_ignoredebug
0000000000287710 0000000000000400 V __nx_exception_stack
0000000000287b10 0000000000000008 b __bootticks
0000000000287b18 0000000000000008 b __boottime
0000000000287b20 0000000000000004 B __nxlink_host
0000000000287b28 0000000000000050 B __malloc_current_mallinfo
0000000000287b78 0000000000000008 B __malloc_max_total_mem
0000000000287b80 0000000000000008 B __malloc_max_sbrked_mem
0000000000287b88 0000000000000008 B __malloc_top_pad
0000000000287b90 0000000000000008 b __sfp_recursive_mutex
0000000000287b98 0000000000000228 B __sf
0000000000287dc0 0000000000000008 B __stdio_exit_handler
0000000000287dc8 0000000000000008 b __malloc_recursive_mutex
0000000000287dd0 0000000000000008 b __env_recursive_mutex
0000000000287dd8 0000000000000008 b initial_env
0000000000287de0 0000000000000004 b __hndl_lock
0000000000287de8 0000000000000008 B fake_heap_start
0000000000287df0 0000000000000008 B fake_heap_end
0000000000287df8 0000000000000008 b heap_start.0
0000000000287e00 b __tls_start
0000000000288228 b __bss_end__
0000000000288228 b __end__
0000000000288228 b __tls_end
0000000000289000 b __argdata__
